#
# There is insufficient memory for the Java Runtime Environment to continue.
# Native memory allocation (mmap) failed to map 65536 bytes for Failed to commit metaspace.
# Possible reasons:
#   The system is out of physical RAM or swap space
#   The process is running with CompressedOops enabled, and the Java Heap may be blocking the growth of the native heap
# Possible solutions:
#   Reduce memory load on the system
#   Increase physical memory or swap space
#   Check if swap backing store is full
#   Decrease Java heap size (-Xmx/-Xms)
#   Decrease number of Java threads
#   Decrease Java thread stack sizes (-Xss)
#   Set larger code cache with -XX:ReservedCodeCacheSize=
#   JVM is running with Unscaled Compressed Oops mode in which the Java heap is
#     placed in the first 4GB address space. The Java Heap base address is the
#     maximum limit for the native heap growth. Please use -XX:HeapBaseMinAddress
#     to set the Java Heap base and to place the Java Heap above 4GB virtual address.
# This output file may be truncated or incomplete.
#
#  Out of Memory Error (virtualSpaceNode.cpp:112), pid=31788, tid=14248
#
# JRE version: Java(TM) SE Runtime Environment (21.0.9+7) (build 21.0.9+7-LTS-338)
# Java VM: Java HotSpot(TM) 64-Bit Server VM (21.0.9+7-LTS-338, mixed mode, sharing, tiered, compressed oops, compressed class ptrs, g1 gc, windows-amd64)
# No core dump will be written. Minidumps are not enabled by default on client versions of Windows
#

---------------  S U M M A R Y ------------

Command Line: -Xmx64m -Xms64m -Dorg.gradle.appname=gradlew C:\Users\andre\Music\DAM-FAMPIRABAN-202601\usandoHooks\android\\gradle\wrapper\gradle-wrapper.jar app:installDebug -PreactNativeDevServerPort=8081

Host: AMD Ryzen 5 3500U with Radeon Vega Mobile Gfx  , 8 cores, 9G,  Windows 11 , 64 bit Build 26100 (10.0.26100.7920)
Time: Wed Apr 15 19:39:59 2026 Hora est. Pac璗ico, Sudam廨ica elapsed time: 0.664503 seconds (0d 0h 0m 0s)

---------------  T H R E A D  ---------------

Current thread (0x0000023b261d5e80):  JavaThread "main"             [_thread_in_vm, id=14248, stack(0x000000d7dab00000,0x000000d7dac00000) (1024K)]

Stack: [0x000000d7dab00000,0x000000d7dac00000]
Native frames: (J=compiled Java code, j=interpreted, Vv=VM code, C=native code)
V  [jvm.dll+0x6cbf89]
V  [jvm.dll+0x858421]
V  [jvm.dll+0x85a94e]
V  [jvm.dll+0x85b023]
V  [jvm.dll+0x27ebc6]
V  [jvm.dll+0x85403e]
V  [jvm.dll+0x66fcf5]
V  [jvm.dll+0x66fd5a]
V  [jvm.dll+0x672575]
V  [jvm.dll+0x672442]
V  [jvm.dll+0x6706ce]
V  [jvm.dll+0x3bec2f]
V  [jvm.dll+0x20db5b]
V  [jvm.dll+0x5aec56]
V  [jvm.dll+0x21d49a]
V  [jvm.dll+0x7d1aec]
V  [jvm.dll+0x7d2b14]
V  [jvm.dll+0x7d30e2]
V  [jvm.dll+0x7d2d68]
V  [jvm.dll+0x26c99b]
V  [jvm.dll+0x26cbca]
V  [jvm.dll+0x5d1cc7]
V  [jvm.dll+0x5d4cb6]
V  [jvm.dll+0x3d81a5]
V  [jvm.dll+0x3d781d]
C  0x0000023b37729775

The last pc belongs to invokestatic (printed below).
Java frames: (J=compiled Java code, j=interpreted, Vv=VM code)
j  sun.security.provider.MD5.implDigest([BI)V+57 java.base@21.0.9
j  sun.security.provider.DigestBase.engineDigest([BII)I+97 java.base@21.0.9
j  sun.security.provider.DigestBase.engineDigest()[B+12 java.base@21.0.9
j  java.security.MessageDigest$Delegate.engineDigest()[B+4 java.base@21.0.9
j  java.security.MessageDigest.digest()[B+1 java.base@21.0.9
j  org.gradle.wrapper.GradleWrapperMain.main([Ljava/lang/String;)V+1228
v  ~StubRoutines::call_stub 0x0000023b3771100d
invokestatic  184 invokestatic  [0x0000023b377296c0, 0x0000023b37729988]  712 bytes
[MachCode]
  0x0000023b377296c0: 4883 ec08 | c5fa 1104 | 24eb 1f48 | 83ec 10c5 | fb11 0424 | eb14 4883 | ec10 4889 | 0424 48c7 
  0x0000023b377296e0: 4424 0800 | 0000 00eb | 0150 4c89 | 6dc0 410f | b755 0148 | 8b4d d0c1 | e202 8b5c | d138 c1eb 
  0x0000023b37729700: 1081 e3ff | 0000 0081 | fbb8 0000 | 000f 84b4 | 0000 00bb | b800 0000 | e805 0000 | 00e9 9900 
  0x0000023b37729720: 0000 488b | d348 8d44 | 2408 4c89 | 6dc0 498b | cfc5 f877 | 4989 afb0 | 0300 0049 | 8987 a003 
  0x0000023b37729740: 0000 4883 | ec20 40f6 | c40f 0f84 | 1900 0000 | 4883 ec08 | 48b8 b077 | 5f31 fd7f | 0000 ffd0 
  0x0000023b37729760: 4883 c408 | e90c 0000 | 0048 b8b0 | 775f 31fd | 7f00 00ff | d048 83c4 | 2049 c787 | a003 0000 
  0x0000023b37729780: 0000 0000 | 49c7 87b0 | 0300 0000 | 0000 0049 | c787 a803 | 0000 0000 | 0000 c5f8 | 7749 837f 
  0x0000023b377297a0: 0800 0f84 | 0500 0000 | e953 77fe | ff4c 8b6d | c04c 8b75 | c84e 8d74 | f500 c341 | 0fb7 5501 
  0x0000023b377297c0: 488b 4dd0 | c1e2 0248 | 8b5c d140 | 488b 5b08 | 488b 5b08 | 488b 5b18 | 80bb 2101 | 0000 040f 
  0x0000023b377297e0: 840d 0000 | 004c 3bbb | 2801 0000 | 0f85 21ff | ffff 488b | 5cd1 408b | 54d1 50c1 | ea1c 49ba 
  0x0000023b37729800: 900a e731 | fd7f 0000 | 498b 14d2 | 5248 8b45 | d848 85c0 | 0f84 1200 | 0000 4883 | 4008 0148 
  0x0000023b37729820: 8358 0800 | 4883 c010 | 4889 45d8 | 488b 45d8 | 4885 c00f | 843d 0100 | 0080 78f0 | 0a0f 8533 
  0x0000023b37729840: 0100 0048 | 83c0 084c | 8b68 f841 | 83ed 0041 | 83fd 020f | 8c12 0100 | 004c 8b6b | 0845 0fb7 
  0x0000023b37729860: 6d2e 4c2b | 2841 83ed | 014e 8b6c | ec08 4d85 | ed75 0ef6 | 4008 0175 | 58f0 4883 | 4808 01eb 
  0x0000023b37729880: 5045 8b6d | 0849 ba00 | 0000 433b | 0200 004d | 03ea 4d8b | d54c 3368 | 0849 f7c5 | fcff ffff 
  0x0000023b377298a0: 742f 41f6 | c502 7529 | 4883 7808 | 0074 1e48 | 8378 0801 | 7417 4d8b | ea4c 3368 | 0849 f7c5 
  0x0000023b377298c0: fcff ffff | 740b 4883 | 4808 02eb | 044c 8968 | 0848 83c0 | 104c 8b68 | e841 83ed | 0241 83fd 
  0x0000023b377298e0: 020f 8c84 | 0000 004c | 8b6b 0845 | 0fb7 6d2e | 4c2b 2841 | 83ed 014e | 8b6c ec08 | 4d85 ed75 
  0x0000023b37729900: 0ef6 4008 | 0175 58f0 | 4883 4808 | 01eb 5045 | 8b6d 0849 | ba00 0000 | 433b 0200 | 004d 03ea 
  0x0000023b37729920: 4d8b d54c | 3368 0849 | f7c5 fcff | ffff 742f | 41f6 c502 | 7529 4883 | 7808 0074 | 1e48 8378 
  0x0000023b37729940: 0801 7417 | 4d8b ea4c | 3368 0849 | f7c5 fcff | ffff 740b | 4883 4808 | 02eb 044c | 8968 0848 
  0x0000023b37729960: 83c0 104c | 8b68 d841 | 83ed 0441 | c1e5 0349 | 03c5 4889 | 45d8 4c8d | 6c24 084c | 896d f0ff 
  0x0000023b37729980: 6350 660f | 1f44 0000 
[/MachCode]

---------------  P R O C E S S  ---------------

Threads class SMR info:
_java_thread_list=0x0000023b42977c40, length=11, elements={
0x0000023b261d5e80, 0x0000023b426e28c0, 0x0000023b2684d6d0, 0x0000023b426ed1b0,
0x0000023b426ee100, 0x0000023b426f09e0, 0x0000023b426f1d10, 0x0000023b426f6630,
0x0000023b426fddf0, 0x0000023b42968880, 0x0000023b4297d350
}

Java Threads: ( => current thread )
=>0x0000023b261d5e80 JavaThread "main"                              [_thread_in_vm, id=14248, stack(0x000000d7dab00000,0x000000d7dac00000) (1024K)]
  0x0000023b426e28c0 JavaThread "Reference Handler"          daemon [_thread_blocked, id=23416, stack(0x000000d7db300000,0x000000d7db400000) (1024K)]
  0x0000023b2684d6d0 JavaThread "Finalizer"                  daemon [_thread_blocked, id=564, stack(0x000000d7db400000,0x000000d7db500000) (1024K)]
  0x0000023b426ed1b0 JavaThread "Signal Dispatcher"          daemon [_thread_blocked, id=11592, stack(0x000000d7db500000,0x000000d7db600000) (1024K)]
  0x0000023b426ee100 JavaThread "Attach Listener"            daemon [_thread_blocked, id=29764, stack(0x000000d7db600000,0x000000d7db700000) (1024K)]
  0x0000023b426f09e0 JavaThread "Service Thread"             daemon [_thread_blocked, id=19636, stack(0x000000d7db700000,0x000000d7db800000) (1024K)]
  0x0000023b426f1d10 JavaThread "Monitor Deflation Thread"   daemon [_thread_blocked, id=10520, stack(0x000000d7db800000,0x000000d7db900000) (1024K)]
  0x0000023b426f6630 JavaThread "C2 CompilerThread0"         daemon [_thread_blocked, id=17988, stack(0x000000d7db900000,0x000000d7dba00000) (1024K)]
  0x0000023b426fddf0 JavaThread "C1 CompilerThread0"         daemon [_thread_in_vm, id=8112, stack(0x000000d7dba00000,0x000000d7dbb00000) (1024K)]
  0x0000023b42968880 JavaThread "Notification Thread"        daemon [_thread_blocked, id=13324, stack(0x000000d7dbb00000,0x000000d7dbc00000) (1024K)]
  0x0000023b4297d350 JavaThread "Common-Cleaner"             daemon [_thread_blocked, id=32104, stack(0x000000d7dbc00000,0x000000d7dbd00000) (1024K)]
Total: 11

Other Threads:
  0x0000023b26838ed0 VMThread "VM Thread"                           [id=7116, stack(0x000000d7db200000,0x000000d7db300000) (1024K)]
  0x0000023b26828450 WatcherThread "VM Periodic Task Thread"        [id=9396, stack(0x000000d7db100000,0x000000d7db200000) (1024K)]
  0x0000023b267a6f10 WorkerThread "GC Thread#0"                     [id=28020, stack(0x000000d7dac00000,0x000000d7dad00000) (1024K)]
  0x0000023b267a8700 ConcurrentGCThread "G1 Main Marker"            [id=18936, stack(0x000000d7dad00000,0x000000d7dae00000) (1024K)]
  0x0000023b267aa090 WorkerThread "G1 Conc#0"                       [id=24668, stack(0x000000d7dae00000,0x000000d7daf00000) (1024K)]
  0x0000023b26816140 ConcurrentGCThread "G1 Refine#0"               [id=4696, stack(0x000000d7daf00000,0x000000d7db000000) (1024K)]
  0x0000023b26817460 ConcurrentGCThread "G1 Service"                [id=6676, stack(0x000000d7db000000,0x000000d7db100000) (1024K)]
Total: 7

Threads with active compile tasks:
C1 CompilerThread0      836  192       3       java.lang.invoke.MethodType$ConcurrentWeakInternSet::expungeStaleElements (27 bytes)
Total: 1

VM state: not at safepoint (normal execution)

VM Mutex/Monitor currently owned by a thread:  ([mutex/lock_event])
[0x00007ffd31e5edf0] Metaspace_lock - owner thread: 0x0000023b261d5e80

Heap address: 0x00000000fc000000, size: 64 MB, Compressed Oops mode: 32-bit

CDS archive(s) mapped at: [0x0000023b43000000-0x0000023b43c90000-0x0000023b43c90000), size 13172736, SharedBaseAddress: 0x0000023b43000000, ArchiveRelocationMode: 1.
Compressed class space mapped at: 0x0000023b44000000-0x0000023b84000000, reserved size: 1073741824
Narrow klass base: 0x0000023b43000000, Narrow klass shift: 0, Narrow klass range: 0x100000000

GC Precious Log:
 CardTable entry size: 512
 Card Set container configuration: InlinePtr #cards 5 size 8 Array Of Cards #cards 12 size 40 Howl #buckets 4 coarsen threshold 1843 Howl Bitmap #cards 512 size 80 coarsen threshold 460 Card regions per heap region 1 cards per card region 2048
 CPUs: 8 total, 8 available
 Memory: 10187M
 Large Page Support: Disabled
 NUMA Support: Disabled
 Compressed Oops: Enabled (32-bit)
 Heap Region Size: 1M
 Heap Min Capacity: 64M
 Heap Initial Capacity: 64M
 Heap Max Capacity: 64M
 Pre-touch: Disabled
 Parallel Workers: 8
 Concurrent Workers: 2
 Concurrent Refinement Workers: 8
 Periodic GC: Disabled

Heap:
 garbage-first heap   total 65536K, used 2048K [0x00000000fc000000, 0x0000000100000000)
  region size 1024K, 3 young (3072K), 0 survivors (0K)
 Metaspace       used 751K, committed 896K, reserved 1114112K
  class space    used 78K, committed 128K, reserved 1048576K

Heap Regions: E=young(eden), S=young(survivor), O=old, HS=humongous(starts), HC=humongous(continues), CS=collection set, F=free, TAMS=top-at-mark-start, PB=parsable bottom
|   0|0x00000000fc000000, 0x00000000fc000000, 0x00000000fc100000|  0%| F|  |TAMS 0x00000000fc000000| PB 0x00000000fc000000| Untracked 
|   1|0x00000000fc100000, 0x00000000fc100000, 0x00000000fc200000|  0%| F|  |TAMS 0x00000000fc100000| PB 0x00000000fc100000| Untracked 
|   2|0x00000000fc200000, 0x00000000fc200000, 0x00000000fc300000|  0%| F|  |TAMS 0x00000000fc200000| PB 0x00000000fc200000| Untracked 
|   3|0x00000000fc300000, 0x00000000fc300000, 0x00000000fc400000|  0%| F|  |TAMS 0x00000000fc300000| PB 0x00000000fc300000| Untracked 
|   4|0x00000000fc400000, 0x00000000fc400000, 0x00000000fc500000|  0%| F|  |TAMS 0x00000000fc400000| PB 0x00000000fc400000| Untracked 
|   5|0x00000000fc500000, 0x00000000fc500000, 0x00000000fc600000|  0%| F|  |TAMS 0x00000000fc500000| PB 0x00000000fc500000| Untracked 
|   6|0x00000000fc600000, 0x00000000fc600000, 0x00000000fc700000|  0%| F|  |TAMS 0x00000000fc600000| PB 0x00000000fc600000| Untracked 
|   7|0x00000000fc700000, 0x00000000fc700000, 0x00000000fc800000|  0%| F|  |TAMS 0x00000000fc700000| PB 0x00000000fc700000| Untracked 
|   8|0x00000000fc800000, 0x00000000fc800000, 0x00000000fc900000|  0%| F|  |TAMS 0x00000000fc800000| PB 0x00000000fc800000| Untracked 
|   9|0x00000000fc900000, 0x00000000fc900000, 0x00000000fca00000|  0%| F|  |TAMS 0x00000000fc900000| PB 0x00000000fc900000| Untracked 
|  10|0x00000000fca00000, 0x00000000fca00000, 0x00000000fcb00000|  0%| F|  |TAMS 0x00000000fca00000| PB 0x00000000fca00000| Untracked 
|  11|0x00000000fcb00000, 0x00000000fcb00000, 0x00000000fcc00000|  0%| F|  |TAMS 0x00000000fcb00000| PB 0x00000000fcb00000| Untracked 
|  12|0x00000000fcc00000, 0x00000000fcc00000, 0x00000000fcd00000|  0%| F|  |TAMS 0x00000000fcc00000| PB 0x00000000fcc00000| Untracked 
|  13|0x00000000fcd00000, 0x00000000fcd00000, 0x00000000fce00000|  0%| F|  |TAMS 0x00000000fcd00000| PB 0x00000000fcd00000| Untracked 
|  14|0x00000000fce00000, 0x00000000fce00000, 0x00000000fcf00000|  0%| F|  |TAMS 0x00000000fce00000| PB 0x00000000fce00000| Untracked 
|  15|0x00000000fcf00000, 0x00000000fcf00000, 0x00000000fd000000|  0%| F|  |TAMS 0x00000000fcf00000| PB 0x00000000fcf00000| Untracked 
|  16|0x00000000fd000000, 0x00000000fd000000, 0x00000000fd100000|  0%| F|  |TAMS 0x00000000fd000000| PB 0x00000000fd000000| Untracked 
|  17|0x00000000fd100000, 0x00000000fd100000, 0x00000000fd200000|  0%| F|  |TAMS 0x00000000fd100000| PB 0x00000000fd100000| Untracked 
|  18|0x00000000fd200000, 0x00000000fd200000, 0x00000000fd300000|  0%| F|  |TAMS 0x00000000fd200000| PB 0x00000000fd200000| Untracked 
|  19|0x00000000fd300000, 0x00000000fd300000, 0x00000000fd400000|  0%| F|  |TAMS 0x00000000fd300000| PB 0x00000000fd300000| Untracked 
|  20|0x00000000fd400000, 0x00000000fd400000, 0x00000000fd500000|  0%| F|  |TAMS 0x00000000fd400000| PB 0x00000000fd400000| Untracked 
|  21|0x00000000fd500000, 0x00000000fd500000, 0x00000000fd600000|  0%| F|  |TAMS 0x00000000fd500000| PB 0x00000000fd500000| Untracked 
|  22|0x00000000fd600000, 0x00000000fd600000, 0x00000000fd700000|  0%| F|  |TAMS 0x00000000fd600000| PB 0x00000000fd600000| Untracked 
|  23|0x00000000fd700000, 0x00000000fd700000, 0x00000000fd800000|  0%| F|  |TAMS 0x00000000fd700000| PB 0x00000000fd700000| Untracked 
|  24|0x00000000fd800000, 0x00000000fd800000, 0x00000000fd900000|  0%| F|  |TAMS 0x00000000fd800000| PB 0x00000000fd800000| Untracked 
|  25|0x00000000fd900000, 0x00000000fd900000, 0x00000000fda00000|  0%| F|  |TAMS 0x00000000fd900000| PB 0x00000000fd900000| Untracked 
|  26|0x00000000fda00000, 0x00000000fda00000, 0x00000000fdb00000|  0%| F|  |TAMS 0x00000000fda00000| PB 0x00000000fda00000| Untracked 
|  27|0x00000000fdb00000, 0x00000000fdb00000, 0x00000000fdc00000|  0%| F|  |TAMS 0x00000000fdb00000| PB 0x00000000fdb00000| Untracked 
|  28|0x00000000fdc00000, 0x00000000fdc00000, 0x00000000fdd00000|  0%| F|  |TAMS 0x00000000fdc00000| PB 0x00000000fdc00000| Untracked 
|  29|0x00000000fdd00000, 0x00000000fdd00000, 0x00000000fde00000|  0%| F|  |TAMS 0x00000000fdd00000| PB 0x00000000fdd00000| Untracked 
|  30|0x00000000fde00000, 0x00000000fde00000, 0x00000000fdf00000|  0%| F|  |TAMS 0x00000000fde00000| PB 0x00000000fde00000| Untracked 
|  31|0x00000000fdf00000, 0x00000000fdf00000, 0x00000000fe000000|  0%| F|  |TAMS 0x00000000fdf00000| PB 0x00000000fdf00000| Untracked 
|  32|0x00000000fe000000, 0x00000000fe000000, 0x00000000fe100000|  0%| F|  |TAMS 0x00000000fe000000| PB 0x00000000fe000000| Untracked 
|  33|0x00000000fe100000, 0x00000000fe100000, 0x00000000fe200000|  0%| F|  |TAMS 0x00000000fe100000| PB 0x00000000fe100000| Untracked 
|  34|0x00000000fe200000, 0x00000000fe200000, 0x00000000fe300000|  0%| F|  |TAMS 0x00000000fe200000| PB 0x00000000fe200000| Untracked 
|  35|0x00000000fe300000, 0x00000000fe300000, 0x00000000fe400000|  0%| F|  |TAMS 0x00000000fe300000| PB 0x00000000fe300000| Untracked 
|  36|0x00000000fe400000, 0x00000000fe400000, 0x00000000fe500000|  0%| F|  |TAMS 0x00000000fe400000| PB 0x00000000fe400000| Untracked 
|  37|0x00000000fe500000, 0x00000000fe500000, 0x00000000fe600000|  0%| F|  |TAMS 0x00000000fe500000| PB 0x00000000fe500000| Untracked 
|  38|0x00000000fe600000, 0x00000000fe600000, 0x00000000fe700000|  0%| F|  |TAMS 0x00000000fe600000| PB 0x00000000fe600000| Untracked 
|  39|0x00000000fe700000, 0x00000000fe700000, 0x00000000fe800000|  0%| F|  |TAMS 0x00000000fe700000| PB 0x00000000fe700000| Untracked 
|  40|0x00000000fe800000, 0x00000000fe800000, 0x00000000fe900000|  0%| F|  |TAMS 0x00000000fe800000| PB 0x00000000fe800000| Untracked 
|  41|0x00000000fe900000, 0x00000000fe900000, 0x00000000fea00000|  0%| F|  |TAMS 0x00000000fe900000| PB 0x00000000fe900000| Untracked 
|  42|0x00000000fea00000, 0x00000000fea00000, 0x00000000feb00000|  0%| F|  |TAMS 0x00000000fea00000| PB 0x00000000fea00000| Untracked 
|  43|0x00000000feb00000, 0x00000000feb00000, 0x00000000fec00000|  0%| F|  |TAMS 0x00000000feb00000| PB 0x00000000feb00000| Untracked 
|  44|0x00000000fec00000, 0x00000000fec00000, 0x00000000fed00000|  0%| F|  |TAMS 0x00000000fec00000| PB 0x00000000fec00000| Untracked 
|  45|0x00000000fed00000, 0x00000000fed00000, 0x00000000fee00000|  0%| F|  |TAMS 0x00000000fed00000| PB 0x00000000fed00000| Untracked 
|  46|0x00000000fee00000, 0x00000000fee00000, 0x00000000fef00000|  0%| F|  |TAMS 0x00000000fee00000| PB 0x00000000fee00000| Untracked 
|  47|0x00000000fef00000, 0x00000000fef00000, 0x00000000ff000000|  0%| F|  |TAMS 0x00000000fef00000| PB 0x00000000fef00000| Untracked 
|  48|0x00000000ff000000, 0x00000000ff000000, 0x00000000ff100000|  0%| F|  |TAMS 0x00000000ff000000| PB 0x00000000ff000000| Untracked 
|  49|0x00000000ff100000, 0x00000000ff100000, 0x00000000ff200000|  0%| F|  |TAMS 0x00000000ff100000| PB 0x00000000ff100000| Untracked 
|  50|0x00000000ff200000, 0x00000000ff200000, 0x00000000ff300000|  0%| F|  |TAMS 0x00000000ff200000| PB 0x00000000ff200000| Untracked 
|  51|0x00000000ff300000, 0x00000000ff300000, 0x00000000ff400000|  0%| F|  |TAMS 0x00000000ff300000| PB 0x00000000ff300000| Untracked 
|  52|0x00000000ff400000, 0x00000000ff400000, 0x00000000ff500000|  0%| F|  |TAMS 0x00000000ff400000| PB 0x00000000ff400000| Untracked 
|  53|0x00000000ff500000, 0x00000000ff500000, 0x00000000ff600000|  0%| F|  |TAMS 0x00000000ff500000| PB 0x00000000ff500000| Untracked 
|  54|0x00000000ff600000, 0x00000000ff600000, 0x00000000ff700000|  0%| F|  |TAMS 0x00000000ff600000| PB 0x00000000ff600000| Untracked 
|  55|0x00000000ff700000, 0x00000000ff700000, 0x00000000ff800000|  0%| F|  |TAMS 0x00000000ff700000| PB 0x00000000ff700000| Untracked 
|  56|0x00000000ff800000, 0x00000000ff800000, 0x00000000ff900000|  0%| F|  |TAMS 0x00000000ff800000| PB 0x00000000ff800000| Untracked 
|  57|0x00000000ff900000, 0x00000000ff900000, 0x00000000ffa00000|  0%| F|  |TAMS 0x00000000ff900000| PB 0x00000000ff900000| Untracked 
|  58|0x00000000ffa00000, 0x00000000ffa00000, 0x00000000ffb00000|  0%| F|  |TAMS 0x00000000ffa00000| PB 0x00000000ffa00000| Untracked 
|  59|0x00000000ffb00000, 0x00000000ffb00000, 0x00000000ffc00000|  0%| F|  |TAMS 0x00000000ffb00000| PB 0x00000000ffb00000| Untracked 
|  60|0x00000000ffc00000, 0x00000000ffc00000, 0x00000000ffd00000|  0%| F|  |TAMS 0x00000000ffc00000| PB 0x00000000ffc00000| Untracked 
|  61|0x00000000ffd00000, 0x00000000ffdeb8b8, 0x00000000ffe00000| 92%| E|  |TAMS 0x00000000ffd00000| PB 0x00000000ffd00000| Complete 
|  62|0x00000000ffe00000, 0x00000000fff00000, 0x00000000fff00000|100%| E|CS|TAMS 0x00000000ffe00000| PB 0x00000000ffe00000| Complete 
|  63|0x00000000fff00000, 0x0000000100000000, 0x0000000100000000|100%| E|CS|TAMS 0x00000000fff00000| PB 0x00000000fff00000| Complete 

Card table byte_map: [0x0000023b264b0000,0x0000023b264d0000] _byte_map_base: 0x0000023b25cd0000

Marking Bits: (CMBitMap*) 0x0000023b267a7620
 Bits: [0x0000023b3fc40000, 0x0000023b3fd40000)

Polling page: 0x0000023b26460000

Metaspace:

Usage:
  Non-class:    672.84 KB used.
      Class:     78.52 KB used.
       Both:    751.36 KB used.

Virtual space:
  Non-class space:       64.00 MB reserved,     768.00 KB (  1%) committed,  1 nodes.
      Class space:        1.00 GB reserved,     128.00 KB ( <1%) committed,  1 nodes.
             Both:        1.06 GB reserved,     896.00 KB ( <1%) committed. 

Chunk freelists:
   Non-Class:  11.92 MB
       Class:  15.73 MB
        Both:  27.66 MB

MaxMetaspaceSize: unlimited
CompressedClassSpaceSize: 1.00 GB
Initial GC threshold: 21.00 MB
Current GC threshold: 21.00 MB
CDS: on
 - commit_granule_bytes: 65536.
 - commit_granule_words: 8192.
 - virtual_space_node_default_size: 8388608.
 - enlarge_chunks_in_place: 1.
 - use_allocation_guard: 0.


Internal statistics:

num_allocs_failed_limit: 0.
num_arena_births: 6.
num_arena_deaths: 0.
num_vsnodes_births: 2.
num_vsnodes_deaths: 0.
num_space_committed: 14.
num_space_uncommitted: 0.
num_chunks_returned_to_freelist: 0.
num_chunks_taken_from_freelist: 17.
num_chunk_merges: 0.
num_chunk_splits: 9.
num_chunks_enlarged: 5.
num_inconsistent_stats: 0.

CodeHeap 'non-profiled nmethods': size=120000Kb used=64Kb max_used=64Kb free=119935Kb
 bounds [0x0000023b37cb0000, 0x0000023b37f20000, 0x0000023b3f1e0000]
CodeHeap 'profiled nmethods': size=120000Kb used=224Kb max_used=224Kb free=119775Kb
 bounds [0x0000023b301e0000, 0x0000023b30450000, 0x0000023b37710000]
CodeHeap 'non-nmethods': size=5760Kb used=1295Kb max_used=1295Kb free=4464Kb
 bounds [0x0000023b37710000, 0x0000023b37980000, 0x0000023b37cb0000]
 total_blobs=604 nmethods=193 adapters=316
 compilation: enabled
              stopped_count=0, restarted_count=0
 full_count=0

Compilation events (20 events):
Event: 0.610 Thread 0x0000023b426fddf0 nmethod 181 0x0000023b30214590 code [0x0000023b30214720, 0x0000023b30214840]
Event: 0.610 Thread 0x0000023b426fddf0  182       3       java.util.HashMap$HashIterator::nextNode (100 bytes)
Event: 0.612 Thread 0x0000023b426fddf0 nmethod 182 0x0000023b30214910 code [0x0000023b30214b00, 0x0000023b30215018]
Event: 0.612 Thread 0x0000023b426fddf0  185       3       java.util.Arrays::copyOf (33 bytes)
Event: 0.612 Thread 0x0000023b426f6630  188       4       java.lang.CharacterDataLatin1::toUpperCaseEx (71 bytes)
Event: 0.613 Thread 0x0000023b426fddf0 nmethod 185 0x0000023b30215210 code [0x0000023b30215400, 0x0000023b302158f8]
Event: 0.613 Thread 0x0000023b426fddf0  187       3       jdk.internal.util.ArraysSupport::newLength (27 bytes)
Event: 0.614 Thread 0x0000023b426f6630 nmethod 188 0x0000023b37cbfa90 code [0x0000023b37cbfc20, 0x0000023b37cbfd28]
Event: 0.614 Thread 0x0000023b426fddf0 nmethod 187 0x0000023b30215a90 code [0x0000023b30215c60, 0x0000023b30215ec0]
Event: 0.614 Thread 0x0000023b426fddf0  191       3       java.lang.AbstractStringBuilder::newCapacity (59 bytes)
Event: 0.615 Thread 0x0000023b426fddf0 nmethod 191 0x0000023b30215f90 code [0x0000023b30216160, 0x0000023b30216540]
Event: 0.615 Thread 0x0000023b426fddf0  184       3       java.lang.AbstractStringBuilder::<init> (39 bytes)
Event: 0.615 Thread 0x0000023b426fddf0 nmethod 184 0x0000023b30216710 code [0x0000023b302168c0, 0x0000023b30216b48]
Event: 0.616 Thread 0x0000023b426fddf0  189       3       java.lang.StringBuilder::toString (9 bytes)
Event: 0.616 Thread 0x0000023b426fddf0 nmethod 189 0x0000023b30216c10 code [0x0000023b30216dc0, 0x0000023b30216fd0]
Event: 0.616 Thread 0x0000023b426fddf0  190       3       java.lang.String::<init> (7 bytes)
Event: 0.617 Thread 0x0000023b426fddf0 nmethod 190 0x0000023b30217110 code [0x0000023b302172c0, 0x0000023b30217408]
Event: 0.617 Thread 0x0000023b426fddf0  183       3       java.util.HashSet::add (20 bytes)
Event: 0.618 Thread 0x0000023b426fddf0 nmethod 183 0x0000023b30217490 code [0x0000023b30217640, 0x0000023b30217880]
Event: 0.631 Thread 0x0000023b426fddf0  194       3       java.lang.invoke.MethodTypeForm::canonicalize (74 bytes)

GC Heap History (0 events):
No events

Dll operation events (5 events):
Event: 0.053 Loaded shared library C:\Program Files\Java\jdk-21\bin\java.dll
Event: 0.171 Loaded shared library C:\Program Files\Java\jdk-21\bin\jsvml.dll
Event: 0.261 Loaded shared library C:\Program Files\Java\jdk-21\bin\net.dll
Event: 0.269 Loaded shared library C:\Program Files\Java\jdk-21\bin\nio.dll
Event: 0.281 Loaded shared library C:\Program Files\Java\jdk-21\bin\zip.dll

Deoptimization events (0 events):
No events

Classes loaded (20 events):
Event: 0.610 Loading class java/util/LinkedHashMap$LinkedKeyIterator done
Event: 0.615 Loading class jdk/internal/event/SecurityProviderServiceEvent
Event: 0.618 Loading class jdk/internal/event/Event
Event: 0.619 Loading class jdk/internal/event/Event done
Event: 0.619 Loading class jdk/internal/event/SecurityProviderServiceEvent done
Event: 0.619 Loading class sun/security/provider/MD5
Event: 0.619 Loading class sun/security/provider/DigestBase
Event: 0.621 Loading class sun/security/provider/DigestBase done
Event: 0.621 Loading class sun/security/provider/MD5 done
Event: 0.622 Loading class sun/security/jca/GetInstance$Instance
Event: 0.622 Loading class sun/security/jca/GetInstance$Instance done
Event: 0.622 Loading class java/security/MessageDigest$Delegate
Event: 0.623 Loading class sun/security/util/MessageDigestSpi2
Event: 0.623 Loading class sun/security/util/MessageDigestSpi2 done
Event: 0.623 Loading class java/security/MessageDigest$Delegate done
Event: 0.623 Loading class java/security/MessageDigest$Delegate$CloneableDelegate
Event: 0.624 Loading class java/security/MessageDigest$Delegate$CloneableDelegate done
Event: 0.627 Loading class sun/security/provider/ByteArrayAccess$LE
Event: 0.628 Loading class sun/security/provider/ByteArrayAccess$LE done
Event: 0.632 Loading class sun/security/provider/ByteArrayAccess

Classes unloaded (0 events):
No events

Classes redefined (0 events):
No events

Internal exceptions (0 events):
No events

ZGC Phase Switch (0 events):
No events

VM Operations (2 events):
Event: 0.283 Executing VM operation: HandshakeAllThreads (Deoptimize)
Event: 0.283 Executing VM operation: HandshakeAllThreads (Deoptimize) done

Events (11 events):
Event: 0.082 Thread 0x0000023b261d5e80 Thread added: 0x0000023b261d5e80
Event: 0.154 Thread 0x0000023b426e28c0 Thread added: 0x0000023b426e28c0
Event: 0.154 Thread 0x0000023b2684d6d0 Thread added: 0x0000023b2684d6d0
Event: 0.156 Thread 0x0000023b426ed1b0 Thread added: 0x0000023b426ed1b0
Event: 0.156 Thread 0x0000023b426ee100 Thread added: 0x0000023b426ee100
Event: 0.157 Thread 0x0000023b426f09e0 Thread added: 0x0000023b426f09e0
Event: 0.158 Thread 0x0000023b426f1d10 Thread added: 0x0000023b426f1d10
Event: 0.159 Thread 0x0000023b426f6630 Thread added: 0x0000023b426f6630
Event: 0.162 Thread 0x0000023b426fddf0 Thread added: 0x0000023b426fddf0
Event: 0.235 Thread 0x0000023b42968880 Thread added: 0x0000023b42968880
Event: 0.241 Thread 0x0000023b4297d350 Thread added: 0x0000023b4297d350


Dynamic libraries:
0x00007ff68f660000 - 0x00007ff68f670000 	C:\Program Files\Java\jdk-21\bin\java.exe
0x00007ffe0b260000 - 0x00007ffe0b4c7000 	C:\WINDOWS\SYSTEM32\ntdll.dll
0x00007ffe09600000 - 0x00007ffe096c9000 	C:\WINDOWS\System32\KERNEL32.DLL
0x00007ffe08ad0000 - 0x00007ffe08ec1000 	C:\WINDOWS\System32\KERNELBASE.dll
0x00007ffe08750000 - 0x00007ffe0889b000 	C:\WINDOWS\System32\ucrtbase.dll
0x00007ffdf6260000 - 0x00007ffdf6279000 	C:\Program Files\Java\jdk-21\bin\jli.dll
0x00007ffe09b00000 - 0x00007ffe09bbb000 	C:\WINDOWS\System32\ADVAPI32.dll
0x00007ffe09550000 - 0x00007ffe095f9000 	C:\WINDOWS\System32\msvcrt.dll
0x00007ffe09280000 - 0x00007ffe09327000 	C:\WINDOWS\System32\sechost.dll
0x00007ffe0ae40000 - 0x00007ffe0af58000 	C:\WINDOWS\System32\RPCRT4.dll
0x00007ffe0b050000 - 0x00007ffe0b215000 	C:\WINDOWS\System32\USER32.dll
0x00007ffe07df0000 - 0x00007ffe07e17000 	C:\WINDOWS\System32\win32u.dll
0x00007ffe0ae10000 - 0x00007ffe0ae3b000 	C:\WINDOWS\System32\GDI32.dll
0x00007ffe08ed0000 - 0x00007ffe08ffb000 	C:\WINDOWS\System32\gdi32full.dll
0x00007ffe07d40000 - 0x00007ffe07de3000 	C:\WINDOWS\System32\msvcp_win.dll
0x00007ffdf73a0000 - 0x00007ffdf73bb000 	C:\Program Files\Java\jdk-21\bin\VCRUNTIME140.dll
0x00007ffdf69d0000 - 0x00007ffdf6c63000 	C:\WINDOWS\WinSxS\amd64_microsoft.windows.common-controls_6595b64144ccf1df_6.0.26100.8037_none_3e092faae333b53b\COMCTL32.dll
0x00007ffe01480000 - 0x00007ffe0148b000 	C:\WINDOWS\SYSTEM32\VERSION.dll
0x00007ffe096d0000 - 0x00007ffe09701000 	C:\WINDOWS\System32\IMM32.DLL
0x00007ffdf7e90000 - 0x00007ffdf7e9c000 	C:\Program Files\Java\jdk-21\bin\vcruntime140_1.dll
0x00007ffd8f580000 - 0x00007ffd8f60e000 	C:\Program Files\Java\jdk-21\bin\msvcp140.dll
0x00007ffd31220000 - 0x00007ffd31f3d000 	C:\Program Files\Java\jdk-21\bin\server\jvm.dll
0x00007ffe0ad90000 - 0x00007ffe0ae04000 	C:\WINDOWS\System32\WS2_32.dll
0x00007ffe079a0000 - 0x00007ffe079fe000 	C:\WINDOWS\SYSTEM32\POWRPROF.dll
0x00007ffe00f30000 - 0x00007ffe00f65000 	C:\WINDOWS\SYSTEM32\WINMM.dll
0x00007ffe07980000 - 0x00007ffe07994000 	C:\WINDOWS\SYSTEM32\UMPDC.dll
0x00007ffe068d0000 - 0x00007ffe068eb000 	C:\WINDOWS\SYSTEM32\kernel.appcore.dll
0x00007ffdf5140000 - 0x00007ffdf514a000 	C:\Program Files\Java\jdk-21\bin\jimage.dll
0x00007ffdfd570000 - 0x00007ffdfd7b2000 	C:\WINDOWS\SYSTEM32\DBGHELP.DLL
0x00007ffe09720000 - 0x00007ffe09aa2000 	C:\WINDOWS\System32\combase.dll
0x00007ffe09190000 - 0x00007ffe09267000 	C:\WINDOWS\System32\OLEAUT32.dll
0x00007ffdf4aa0000 - 0x00007ffdf4adb000 	C:\WINDOWS\SYSTEM32\dbgcore.DLL
0x00007ffe08a20000 - 0x00007ffe08ac5000 	C:\WINDOWS\System32\bcryptPrimitives.dll
0x00007ffdf1340000 - 0x00007ffdf135f000 	C:\Program Files\Java\jdk-21\bin\java.dll
0x00007ffe0a0e0000 - 0x00007ffe0a83f000 	C:\WINDOWS\System32\SHELL32.dll
0x00007ffe07b40000 - 0x00007ffe07caa000 	C:\WINDOWS\System32\wintypes.dll
0x00007ffe07e20000 - 0x00007ffe08684000 	C:\WINDOWS\System32\windows.storage.dll
0x00007ffe09090000 - 0x00007ffe09187000 	C:\WINDOWS\System32\SHCORE.dll
0x00007ffe0af60000 - 0x00007ffe0afc7000 	C:\WINDOWS\System32\shlwapi.dll
0x00007ffe07a60000 - 0x00007ffe07a89000 	C:\WINDOWS\SYSTEM32\profapi.dll
0x00007ffd838b0000 - 0x00007ffd83987000 	C:\Program Files\Java\jdk-21\bin\jsvml.dll
0x00007ffdf1fa0000 - 0x00007ffdf1fb0000 	C:\Program Files\Java\jdk-21\bin\net.dll
0x00007ffe01130000 - 0x00007ffe01257000 	C:\WINDOWS\SYSTEM32\WINHTTP.dll
0x00007ffe06e40000 - 0x00007ffe06eab000 	C:\WINDOWS\system32\mswsock.dll
0x00007ffde58f0000 - 0x00007ffde5906000 	C:\Program Files\Java\jdk-21\bin\nio.dll
0x00007ffdf11e0000 - 0x00007ffdf11f8000 	C:\Program Files\Java\jdk-21\bin\zip.dll

dbghelp: loaded successfully - version: 4.0.5 - missing functions: none
symbol engine: initialized successfully - sym options: 0x614 - pdb path: .;C:\Program Files\Java\jdk-21\bin;C:\WINDOWS\SYSTEM32;C:\WINDOWS\WinSxS\amd64_microsoft.windows.common-controls_6595b64144ccf1df_6.0.26100.8037_none_3e092faae333b53b;C:\Program Files\Java\jdk-21\bin\server

VM Arguments:
jvm_args: -Xmx64m -Xms64m -Dorg.gradle.appname=gradlew 
java_command: C:\Users\andre\Music\DAM-FAMPIRABAN-202601\usandoHooks\android\\gradle\wrapper\gradle-wrapper.jar app:installDebug -PreactNativeDevServerPort=8081
java_class_path (initial): C:\Users\andre\Music\DAM-FAMPIRABAN-202601\usandoHooks\android\\gradle\wrapper\gradle-wrapper.jar
Launcher Type: SUN_STANDARD

[Global flags]
     intx CICompilerCount                          = 4                                         {product} {ergonomic}
     uint ConcGCThreads                            = 2                                         {product} {ergonomic}
     uint G1ConcRefinementThreads                  = 8                                         {product} {ergonomic}
   size_t G1HeapRegionSize                         = 1048576                                   {product} {ergonomic}
    uintx GCDrainStackTargetSize                   = 64                                        {product} {ergonomic}
   size_t InitialHeapSize                          = 67108864                                  {product} {command line}
   size_t MarkStackSize                            = 4194304                                   {product} {ergonomic}
   size_t MaxHeapSize                              = 67108864                                  {product} {command line}
   size_t MaxNewSize                               = 39845888                                  {product} {ergonomic}
   size_t MinHeapDeltaBytes                        = 1048576                                   {product} {ergonomic}
   size_t MinHeapSize                              = 67108864                                  {product} {command line}
    uintx NonNMethodCodeHeapSize                   = 5839372                                {pd product} {ergonomic}
    uintx NonProfiledCodeHeapSize                  = 122909434                              {pd product} {ergonomic}
    uintx ProfiledCodeHeapSize                     = 122909434                              {pd product} {ergonomic}
    uintx ReservedCodeCacheSize                    = 251658240                              {pd product} {ergonomic}
     bool SegmentedCodeCache                       = true                                      {product} {ergonomic}
   size_t SoftMaxHeapSize                          = 67108864                               {manageable} {ergonomic}
     bool UseCompressedOops                        = true                           {product lp64_product} {ergonomic}
     bool UseG1GC                                  = true                                      {product} {ergonomic}
     bool UseLargePagesIndividualAllocation        = false                                  {pd product} {ergonomic}

Logging:
Log output configuration:
 #0: stdout all=warning uptime,level,tags foldmultilines=false
 #1: stderr all=off uptime,level,tags foldmultilines=false

Environment Variables:
JAVA_HOME=C:\Program Files\Java\jdk-21
PATH=C:\Users\andre\Music\DAM-FAMPIRABAN-202601\usandoHooks\node_modules\.bin;C:\Users\andre\Music\DAM-FAMPIRABAN-202601\node_modules\.bin;C:\Users\andre\Music\node_modules\.bin;C:\Users\andre\node_modules\.bin;C:\Users\node_modules\.bin;C:\node_modules\.bin;C:\Users\andre\AppData\Roaming\npm\node_modules\npm\node_modules\@npmcli\run-script\lib\node-gyp-bin;C:\Users\andre\AppData\Local\Programs\Microsoft VS Code;C:\Program Files\Common Files\Oracle\Java\javapath;C:\WINDOWS\system32;C:\WINDOWS;C:\WINDOWS\System32\Wbem;C:\WINDOWS\System32\WindowsPowerShell\v1.0\;C:\WINDOWS\System32\OpenSSH\;C:\Program Files\Git\cmd;C:\Users\andre\.console-ninja\.bin;C:\Users\andre\AppData\Local\Microsoft\WindowsApps;C:\Users\andre\AppData\Local\Programs\Microsoft VS Code\bin;C:\Program Files\Java\jdk-21\bin;C:\Program Files\apache-maven-3.9.9\bin;C:\Users\andre\AppData\Roaming\npm;C:\Program Files\nodejs\;C:\Users\andre\AppData\Roaming\nvm;C:\Users\andre\AppData\Local\Android\Sdk\platform-tools;C:\Users\andre\AppData\Local\Android\Sdk\emulator;;C:\Users\andre\AppData\Local\Microsoft\WindowsApps;C:\Users\andre\.console-ninja\.bin;c:\Users\andre\.vscode\extensions\vscjava.vscode-java-debug-0.59.0\bundled\scripts\noConfigScripts
USERNAME=andre
LANG=en_US.UTF-8
OS=Windows_NT
PROCESSOR_IDENTIFIER=AMD64 Family 23 Model 24 Stepping 1, AuthenticAMD
TMP=C:\Users\andre\AppData\Local\Temp
TEMP=C:\Users\andre\AppData\Local\Temp




Periodic native trim disabled

---------------  S Y S T E M  ---------------

OS:
 Windows 11 , 64 bit Build 26100 (10.0.26100.7920)
OS uptime: 14 days 1:19 hours

CPU: total 8 (initial active 8) (8 cores per cpu, 2 threads per core) family 23 model 24 stepping 1 microcode 0x8108109, cx8, cmov, fxsr, ht, mmx, 3dnowpref, sse, sse2, sse3, ssse3, sse4a, sse4.1, sse4.2, popcnt, lzcnt, tsc, tscinvbit, avx, avx2, aes, clmul, bmi1, bmi2, adx, sha, fma, vzeroupper, clflush, clflushopt, rdtscp, f16c
Processor Information for all 8 processors :
  Max Mhz: 2100, Current Mhz: 2100, Mhz Limit: 2100

Memory: 4k page, system-wide physical 10187M (830M free)
TotalPageFile size 19125M (AvailPageFile size 246M)
current process WorkingSet (physical memory assigned to process): 40M, peak: 40M
current process commit charge ("private bytes"): 143M, peak: 143M

vm_info: Java HotSpot(TM) 64-Bit Server VM (21.0.9+7-LTS-338) for windows-amd64 JRE (21.0.9+7-LTS-338), built on 2025-09-26T06:33:49Z by "mach5run" with MS VC++ 17.6 (VS2022)

END.
