#
# There is insufficient memory for the Java Runtime Environment to continue.
# Native memory allocation (malloc) failed to allocate 853264 bytes for Chunk::new
# Possible reasons:
#   The system is out of physical RAM or swap space
#   The process is running with CompressedOops enabled, and the Java Heap may be blocking the growth of the native heap
# Possible solutions:
#   Reduce memory load on the system
#   Increase physical memory or swap space
#   Check if swap backing store is full
#   Decrease Java heap size (-Xmx/-Xms)
#   Decrease number of Java threads
#   Decrease Java thread stack sizes (-Xss)
#   Set larger code cache with -XX:ReservedCodeCacheSize=
#   JVM is running with Unscaled Compressed Oops mode in which the Java heap is
#     placed in the first 4GB address space. The Java Heap base address is the
#     maximum limit for the native heap growth. Please use -XX:HeapBaseMinAddress
#     to set the Java Heap base and to place the Java Heap above 4GB virtual address.
# This output file may be truncated or incomplete.
#
#  Out of Memory Error (arena.cpp:168), pid=14644, tid=32124
#
# JRE version: Java(TM) SE Runtime Environment (21.0.9+7) (build 21.0.9+7-LTS-338)
# Java VM: Java HotSpot(TM) 64-Bit Server VM (21.0.9+7-LTS-338, mixed mode, sharing, tiered, compressed oops, compressed class ptrs, g1 gc, windows-amd64)
# No core dump will be written. Minidumps are not enabled by default on client versions of Windows
#

---------------  S U M M A R Y ------------

Command Line: --add-opens=java.base/java.lang=ALL-UNNAMED --add-opens=java.base/java.lang.invoke=ALL-UNNAMED --add-opens=java.base/java.util=ALL-UNNAMED --add-opens=java.prefs/java.util.prefs=ALL-UNNAMED --add-exports=jdk.compiler/com.sun.tools.javac.api=ALL-UNNAMED --add-exports=jdk.compiler/com.sun.tools.javac.util=ALL-UNNAMED --add-opens=java.base/java.util=ALL-UNNAMED --add-opens=java.prefs/java.util.prefs=ALL-UNNAMED --add-opens=java.base/java.nio.charset=ALL-UNNAMED --add-opens=java.base/java.net=ALL-UNNAMED --add-opens=java.base/java.util.concurrent=ALL-UNNAMED --add-opens=java.base/java.util.concurrent.atomic=ALL-UNNAMED --add-opens=java.xml/javax.xml.namespace=ALL-UNNAMED --add-opens=java.base/java.time=ALL-UNNAMED -XX:MaxMetaspaceSize=512m -Xmx2048m -Dfile.encoding=UTF-8 -Duser.country=CO -Duser.language=es -Duser.variant -javaagent:C:\Users\andre\.gradle\wrapper\dists\gradle-9.3.1-bin\23ovyewtku6u96viwx3xl3oks\gradle-9.3.1\lib\agents\gradle-instrumentation-agent-9.3.1.jar org.gradle.launcher.daemon.bootstrap.GradleDaemon 9.3.1

Host: AMD Ryzen 5 3500U with Radeon Vega Mobile Gfx  , 8 cores, 9G,  Windows 11 , 64 bit Build 26100 (10.0.26100.7920)
Time: Wed Apr 15 19:39:53 2026 Hora est. Pacífico, Sudamérica elapsed time: 46.077168 seconds (0d 0h 0m 46s)

---------------  T H R E A D  ---------------

Current thread (0x0000020bea35e900):  JavaThread "C2 CompilerThread0" daemon [_thread_in_native, id=32124, stack(0x0000009fd8d00000,0x0000009fd8e00000) (1024K)]


Current CompileTask:
C2:  46077 8159       4       org.gradle.api.internal.runtimeshaded.RuntimeShadedJarCreator::processClassFile (92 bytes)

Stack: [0x0000009fd8d00000,0x0000009fd8e00000]
Native frames: (J=compiled Java code, j=interpreted, Vv=VM code, C=native code)
V  [jvm.dll+0x6cbf89]
V  [jvm.dll+0x858421]
V  [jvm.dll+0x85a94e]
V  [jvm.dll+0x85b023]
V  [jvm.dll+0x27ebc6]
V  [jvm.dll+0xc4f4d]
V  [jvm.dll+0xc5483]
V  [jvm.dll+0x3b69fc]
V  [jvm.dll+0x1e0559]
V  [jvm.dll+0x247792]
V  [jvm.dll+0x246c1f]
V  [jvm.dll+0x1c7a3e]
V  [jvm.dll+0x256329]
V  [jvm.dll+0x2548ba]
V  [jvm.dll+0x3efdee]
V  [jvm.dll+0x80265b]
V  [jvm.dll+0x6ca66d]
C  [ucrtbase.dll+0x37b0]
C  [KERNEL32.DLL+0x2e8d7]
C  [ntdll.dll+0x8c48c]


---------------  P R O C E S S  ---------------

Threads class SMR info:
_java_thread_list=0x0000020bf15a71c0, length=42, elements={
0x0000020bcb4e7910, 0x0000020bea212460, 0x0000020bea213c30, 0x0000020bea21b500,
0x0000020bea21e310, 0x0000020bea21bf60, 0x0000020bea350bf0, 0x0000020bea35e900,
0x0000020bea361770, 0x0000020bea504a80, 0x0000020bea588d70, 0x0000020befe11560,
0x0000020befef5f30, 0x0000020bea819c60, 0x0000020bea60b330, 0x0000020befed7b50,
0x0000020bf0003150, 0x0000020bea413990, 0x0000020bea4c33a0, 0x0000020bea4c05b0,
0x0000020bea4c0c40, 0x0000020bea4c1ff0, 0x0000020bea4c12d0, 0x0000020bea4c1960,
0x0000020bf1562830, 0x0000020bf1560df0, 0x0000020bf1561b10, 0x0000020bf15600d0,
0x0000020bf1561480, 0x0000020bf1560760, 0x0000020bf1564f90, 0x0000020bf1564900,
0x0000020bf1565620, 0x0000020bf1563550, 0x0000020bf1563be0, 0x0000020bf1564270,
0x0000020bf1565cb0, 0x0000020bf1562ec0, 0x0000020bf15669d0, 0x0000020bf15676f0,
0x0000020bf2c17990, 0x0000020bf3190210
}

Java Threads: ( => current thread )
  0x0000020bcb4e7910 JavaThread "main"                              [_thread_blocked, id=28900, stack(0x0000009fd7f00000,0x0000009fd8000000) (1024K)]
  0x0000020bea212460 JavaThread "Reference Handler"          daemon [_thread_blocked, id=2916, stack(0x0000009fd8700000,0x0000009fd8800000) (1024K)]
  0x0000020bea213c30 JavaThread "Finalizer"                  daemon [_thread_blocked, id=31204, stack(0x0000009fd8800000,0x0000009fd8900000) (1024K)]
  0x0000020bea21b500 JavaThread "Signal Dispatcher"          daemon [_thread_blocked, id=32216, stack(0x0000009fd8900000,0x0000009fd8a00000) (1024K)]
  0x0000020bea21e310 JavaThread "Attach Listener"            daemon [_thread_blocked, id=26160, stack(0x0000009fd8a00000,0x0000009fd8b00000) (1024K)]
  0x0000020bea21bf60 JavaThread "Service Thread"             daemon [_thread_blocked, id=18012, stack(0x0000009fd8b00000,0x0000009fd8c00000) (1024K)]
  0x0000020bea350bf0 JavaThread "Monitor Deflation Thread"   daemon [_thread_blocked, id=20172, stack(0x0000009fd8c00000,0x0000009fd8d00000) (1024K)]
=>0x0000020bea35e900 JavaThread "C2 CompilerThread0"         daemon [_thread_in_native, id=32124, stack(0x0000009fd8d00000,0x0000009fd8e00000) (1024K)]
  0x0000020bea361770 JavaThread "C1 CompilerThread0"         daemon [_thread_blocked, id=28208, stack(0x0000009fd8e00000,0x0000009fd8f00000) (1024K)]
  0x0000020bea504a80 JavaThread "Common-Cleaner"             daemon [_thread_blocked, id=24796, stack(0x0000009fd8f00000,0x0000009fd9000000) (1024K)]
  0x0000020bea588d70 JavaThread "Notification Thread"        daemon [_thread_blocked, id=1472, stack(0x0000009fd9000000,0x0000009fd9100000) (1024K)]
  0x0000020befe11560 JavaThread "Daemon health stats"               [_thread_blocked, id=12408, stack(0x0000009fd9600000,0x0000009fd9700000) (1024K)]
  0x0000020befef5f30 JavaThread "Incoming local TCP Connector on port 51531"        [_thread_in_native, id=23248, stack(0x0000009fd9700000,0x0000009fd9800000) (1024K)]
  0x0000020bea819c60 JavaThread "Daemon periodic checks"            [_thread_blocked, id=35748, stack(0x0000009fd9800000,0x0000009fd9900000) (1024K)]
  0x0000020bea60b330 JavaThread "Daemon"                            [_thread_blocked, id=26936, stack(0x0000009fd9900000,0x0000009fd9a00000) (1024K)]
  0x0000020befed7b50 JavaThread "Handler for socket connection from /127.0.0.1:51531 to /127.0.0.1:51532"        [_thread_in_native, id=36772, stack(0x0000009fd9a00000,0x0000009fd9b00000) (1024K)]
  0x0000020bf0003150 JavaThread "Cancel handler"                    [_thread_blocked, id=3048, stack(0x0000009fd9b00000,0x0000009fd9c00000) (1024K)]
  0x0000020bea413990 JavaThread "Daemon worker"                     [_thread_in_Java, id=29492, stack(0x0000009fd9c00000,0x0000009fd9d00000) (1024K)]
  0x0000020bea4c33a0 JavaThread "Asynchronous log dispatcher for DefaultDaemonConnection: socket connection from /127.0.0.1:51531 to /127.0.0.1:51532"        [_thread_blocked, id=19984, stack(0x0000009fd9d00000,0x0000009fd9e00000) (1024K)]
  0x0000020bea4c05b0 JavaThread "Stdin handler"                     [_thread_blocked, id=35192, stack(0x0000009fd9e00000,0x0000009fd9f00000) (1024K)]
  0x0000020bea4c0c40 JavaThread "Daemon client event forwarder"        [_thread_blocked, id=3372, stack(0x0000009fd9f00000,0x0000009fda000000) (1024K)]
  0x0000020bea4c1ff0 JavaThread "Cache worker for journal cache (C:\Users\andre\.gradle\caches\journal-1)"        [_thread_blocked, id=25452, stack(0x0000009fda200000,0x0000009fda300000) (1024K)]
  0x0000020bea4c12d0 JavaThread "File lock request listener"        [_thread_in_native, id=9356, stack(0x0000009fda300000,0x0000009fda400000) (1024K)]
  0x0000020bea4c1960 JavaThread "Cache worker for file hash cache (C:\Users\andre\.gradle\caches\9.3.1\fileHashes)"        [_thread_blocked, id=35348, stack(0x0000009fda500000,0x0000009fda600000) (1024K)]
  0x0000020bf1562830 JavaThread "Cache worker for file hash cache (C:\Users\andre\Music\DAM-FAMPIRABAN-202601\usandoHooks\android\.gradle\9.3.1\fileHashes)"        [_thread_blocked, id=31896, stack(0x0000009fda700000,0x0000009fda800000) (1024K)]
  0x0000020bf1560df0 JavaThread "Cache worker for Build Output Cleanup Cache (C:\Users\andre\Music\DAM-FAMPIRABAN-202601\usandoHooks\android\.gradle\buildOutputCleanup)"        [_thread_blocked, id=5516, stack(0x0000009fda800000,0x0000009fda900000) (1024K)]
  0x0000020bf1561b10 JavaThread "File watcher server"        daemon [_thread_in_native, id=28032, stack(0x0000009fda900000,0x0000009fdaa00000) (1024K)]
  0x0000020bf15600d0 JavaThread "File watcher consumer"      daemon [_thread_blocked, id=5260, stack(0x0000009fdaa00000,0x0000009fdab00000) (1024K)]
  0x0000020bf1561480 JavaThread "jar transforms"                    [_thread_blocked, id=13692, stack(0x0000009fdab00000,0x0000009fdac00000) (1024K)]
  0x0000020bf1560760 JavaThread "jar transforms Thread 2"           [_thread_blocked, id=34260, stack(0x0000009fdac00000,0x0000009fdad00000) (1024K)]
  0x0000020bf1564f90 JavaThread "jar transforms Thread 3"           [_thread_blocked, id=32068, stack(0x0000009fdad00000,0x0000009fdae00000) (1024K)]
  0x0000020bf1564900 JavaThread "Cache worker for checksums cache (C:\Users\andre\Music\DAM-FAMPIRABAN-202601\usandoHooks\android\.gradle\9.3.1\checksums)"        [_thread_blocked, id=13796, stack(0x0000009fda400000,0x0000009fda500000) (1024K)]
  0x0000020bf1565620 JavaThread "Cache worker for file content cache (C:\Users\andre\.gradle\caches\9.3.1\fileContent)"        [_thread_blocked, id=31796, stack(0x0000009fdae00000,0x0000009fdaf00000) (1024K)]
  0x0000020bf1563550 JavaThread "Cache worker for cache directory md-supplier (C:\Users\andre\.gradle\caches\9.3.1\md-supplier)"        [_thread_blocked, id=9592, stack(0x0000009fdaf00000,0x0000009fdb000000) (1024K)]
  0x0000020bf1563be0 JavaThread "Cache worker for cache directory md-rule (C:\Users\andre\.gradle\caches\9.3.1\md-rule)"        [_thread_blocked, id=19004, stack(0x0000009fdb000000,0x0000009fdb100000) (1024K)]
  0x0000020bf1564270 JavaThread "jar transforms Thread 4"           [_thread_blocked, id=10820, stack(0x0000009fdb100000,0x0000009fdb200000) (1024K)]
  0x0000020bf1565cb0 JavaThread "jar transforms Thread 5"           [_thread_blocked, id=17232, stack(0x0000009fdb300000,0x0000009fdb400000) (1024K)]
  0x0000020bf1562ec0 JavaThread "jar transforms Thread 6"           [_thread_blocked, id=15216, stack(0x0000009fdb400000,0x0000009fdb500000) (1024K)]
  0x0000020bf15669d0 JavaThread "jar transforms Thread 7"           [_thread_blocked, id=6568, stack(0x0000009fdb500000,0x0000009fdb600000) (1024K)]
  0x0000020bf15676f0 JavaThread "jar transforms Thread 8"           [_thread_blocked, id=15456, stack(0x0000009fdb600000,0x0000009fdb700000) (1024K)]
  0x0000020bf2c17990 JavaThread "Cache worker for Build Output Cleanup Cache (C:\Users\andre\Music\DAM-FAMPIRABAN-202601\usandoHooks\node_modules\@react-native\gradle-plugin\.gradle\buildOutputCleanup)"        [_thread_blocked, id=8084, stack(0x0000009fdb700000,0x0000009fdb800000) (1024K)]
  0x0000020bf3190210 JavaThread "C2 CompilerThread1"         daemon [_thread_in_native, id=24036, stack(0x0000009fdb200000,0x0000009fdb300000) (1024K)]
Total: 42

Other Threads:
  0x0000020bea1f3ff0 VMThread "VM Thread"                           [id=31528, stack(0x0000009fd8600000,0x0000009fd8700000) (1024K)]
  0x0000020bea1e3900 WatcherThread "VM Periodic Task Thread"        [id=33500, stack(0x0000009fd8500000,0x0000009fd8600000) (1024K)]
  0x0000020bcd805990 WorkerThread "GC Thread#0"                     [id=31004, stack(0x0000009fd8000000,0x0000009fd8100000) (1024K)]
  0x0000020bea7772c0 WorkerThread "GC Thread#1"                     [id=18668, stack(0x0000009fd9200000,0x0000009fd9300000) (1024K)]
  0x0000020bea679380 WorkerThread "GC Thread#2"                     [id=4300, stack(0x0000009fd9300000,0x0000009fd9400000) (1024K)]
  0x0000020bef1ba0c0 WorkerThread "GC Thread#3"                     [id=20788, stack(0x0000009fd9400000,0x0000009fd9500000) (1024K)]
  0x0000020bef1f23c0 WorkerThread "GC Thread#4"                     [id=27892, stack(0x0000009fd9500000,0x0000009fd9600000) (1024K)]
  0x0000020bf00943c0 WorkerThread "GC Thread#5"                     [id=8892, stack(0x0000009fd9100000,0x0000009fd9200000) (1024K)]
  0x0000020bef5b9ff0 WorkerThread "GC Thread#6"                     [id=17844, stack(0x0000009fda000000,0x0000009fda100000) (1024K)]
  0x0000020bef5ba3a0 WorkerThread "GC Thread#7"                     [id=2456, stack(0x0000009fda100000,0x0000009fda200000) (1024K)]
  0x0000020bcd817710 ConcurrentGCThread "G1 Main Marker"            [id=35916, stack(0x0000009fd8100000,0x0000009fd8200000) (1024K)]
  0x0000020bcd8188d0 WorkerThread "G1 Conc#0"                       [id=3176, stack(0x0000009fd8200000,0x0000009fd8300000) (1024K)]
  0x0000020bf0c38020 WorkerThread "G1 Conc#1"                       [id=20588, stack(0x0000009fda600000,0x0000009fda700000) (1024K)]
  0x0000020bea0b7110 ConcurrentGCThread "G1 Refine#0"               [id=24400, stack(0x0000009fd8300000,0x0000009fd8400000) (1024K)]
  0x0000020bea0b7940 ConcurrentGCThread "G1 Service"                [id=21332, stack(0x0000009fd8400000,0x0000009fd8500000) (1024K)]
Total: 15

Threads with active compile tasks:
C2 CompilerThread0    46225 8159       4       org.gradle.api.internal.runtimeshaded.RuntimeShadedJarCreator::processClassFile (92 bytes)
C2 CompilerThread1    46225 8180       4       org.apache.commons.compress.archivers.zip.ZipArchiveOutputStream::writeLocalFileHeader (160 bytes)
Total: 2

VM state: not at safepoint (normal execution)

VM Mutex/Monitor currently owned by a thread: None

Heap address: 0x0000000080000000, size: 2048 MB, Compressed Oops mode: 32-bit

CDS archive(s) mapped at: [0x0000020b80000000-0x0000020b80c90000-0x0000020b80c90000), size 13172736, SharedBaseAddress: 0x0000020b80000000, ArchiveRelocationMode: 1.
Compressed class space mapped at: 0x0000020b81000000-0x0000020b9b000000, reserved size: 436207616
Narrow klass base: 0x0000020b80000000, Narrow klass shift: 0, Narrow klass range: 0x100000000

GC Precious Log:
 CardTable entry size: 512
 Card Set container configuration: InlinePtr #cards 5 size 8 Array Of Cards #cards 12 size 40 Howl #buckets 4 coarsen threshold 1843 Howl Bitmap #cards 512 size 80 coarsen threshold 460 Card regions per heap region 1 cards per card region 2048
 CPUs: 8 total, 8 available
 Memory: 10187M
 Large Page Support: Disabled
 NUMA Support: Disabled
 Compressed Oops: Enabled (32-bit)
 Heap Region Size: 1M
 Heap Min Capacity: 8M
 Heap Initial Capacity: 160M
 Heap Max Capacity: 2G
 Pre-touch: Disabled
 Parallel Workers: 8
 Concurrent Workers: 2
 Concurrent Refinement Workers: 8
 Periodic GC: Disabled

Heap:
 garbage-first heap   total 215040K, used 104647K [0x0000000080000000, 0x0000000100000000)
  region size 1024K, 47 young (48128K), 10 survivors (10240K)
 Metaspace       used 52311K, committed 54144K, reserved 491520K
  class space    used 7218K, committed 8064K, reserved 425984K

Heap Regions: E=young(eden), S=young(survivor), O=old, HS=humongous(starts), HC=humongous(continues), CS=collection set, F=free, TAMS=top-at-mark-start, PB=parsable bottom
|   0|0x0000000080000000, 0x0000000080100000, 0x0000000080100000|100%|HS|  |TAMS 0x0000000080000000| PB 0x0000000080000000| Complete 
|   1|0x0000000080100000, 0x0000000080200000, 0x0000000080200000|100%|HC|  |TAMS 0x0000000080100000| PB 0x0000000080100000| Complete 
|   2|0x0000000080200000, 0x0000000080300000, 0x0000000080300000|100%|HC|  |TAMS 0x0000000080200000| PB 0x0000000080200000| Complete 
|   3|0x0000000080300000, 0x0000000080400000, 0x0000000080400000|100%|HC|  |TAMS 0x0000000080300000| PB 0x0000000080300000| Complete 
|   4|0x0000000080400000, 0x0000000080500000, 0x0000000080500000|100%| O|  |TAMS 0x0000000080400000| PB 0x0000000080400000| Untracked 
|   5|0x0000000080500000, 0x0000000080600000, 0x0000000080600000|100%| O|  |TAMS 0x0000000080500000| PB 0x0000000080500000| Untracked 
|   6|0x0000000080600000, 0x0000000080700000, 0x0000000080700000|100%| O|  |TAMS 0x0000000080600000| PB 0x0000000080600000| Untracked 
|   7|0x0000000080700000, 0x0000000080800000, 0x0000000080800000|100%|HS|  |TAMS 0x0000000080700000| PB 0x0000000080700000| Complete 
|   8|0x0000000080800000, 0x0000000080900000, 0x0000000080900000|100%| O|  |TAMS 0x0000000080800000| PB 0x0000000080800000| Untracked 
|   9|0x0000000080900000, 0x0000000080a00000, 0x0000000080a00000|100%| O|  |TAMS 0x0000000080900000| PB 0x0000000080900000| Untracked 
|  10|0x0000000080a00000, 0x0000000080b00000, 0x0000000080b00000|100%| O|  |TAMS 0x0000000080a00000| PB 0x0000000080a00000| Untracked 
|  11|0x0000000080b00000, 0x0000000080c00000, 0x0000000080c00000|100%| O|  |TAMS 0x0000000080b00000| PB 0x0000000080b00000| Untracked 
|  12|0x0000000080c00000, 0x0000000080d00000, 0x0000000080d00000|100%| O|  |TAMS 0x0000000080c00000| PB 0x0000000080c00000| Untracked 
|  13|0x0000000080d00000, 0x0000000080e00000, 0x0000000080e00000|100%| O|  |TAMS 0x0000000080d00000| PB 0x0000000080d00000| Untracked 
|  14|0x0000000080e00000, 0x0000000080f00000, 0x0000000080f00000|100%| O|  |TAMS 0x0000000080e00000| PB 0x0000000080e00000| Untracked 
|  15|0x0000000080f00000, 0x0000000081000000, 0x0000000081000000|100%| O|  |TAMS 0x0000000080f00000| PB 0x0000000080f00000| Untracked 
|  16|0x0000000081000000, 0x0000000081100000, 0x0000000081100000|100%| O|  |TAMS 0x0000000081000000| PB 0x0000000081000000| Untracked 
|  17|0x0000000081100000, 0x0000000081200000, 0x0000000081200000|100%| O|  |TAMS 0x0000000081100000| PB 0x0000000081100000| Untracked 
|  18|0x0000000081200000, 0x0000000081300000, 0x0000000081300000|100%| O|  |TAMS 0x0000000081200000| PB 0x0000000081200000| Untracked 
|  19|0x0000000081300000, 0x0000000081400000, 0x0000000081400000|100%| O|  |TAMS 0x0000000081300000| PB 0x0000000081300000| Untracked 
|  20|0x0000000081400000, 0x0000000081500000, 0x0000000081500000|100%| O|  |TAMS 0x0000000081400000| PB 0x0000000081400000| Untracked 
|  21|0x0000000081500000, 0x0000000081600000, 0x0000000081600000|100%| O|  |TAMS 0x0000000081500000| PB 0x0000000081500000| Untracked 
|  22|0x0000000081600000, 0x0000000081700000, 0x0000000081700000|100%| O|  |TAMS 0x0000000081600000| PB 0x0000000081600000| Untracked 
|  23|0x0000000081700000, 0x0000000081800000, 0x0000000081800000|100%| O|  |TAMS 0x0000000081700000| PB 0x0000000081700000| Untracked 
|  24|0x0000000081800000, 0x0000000081900000, 0x0000000081900000|100%| O|  |TAMS 0x0000000081800000| PB 0x0000000081800000| Untracked 
|  25|0x0000000081900000, 0x0000000081a00000, 0x0000000081a00000|100%| O|  |TAMS 0x0000000081900000| PB 0x0000000081900000| Untracked 
|  26|0x0000000081a00000, 0x0000000081b00000, 0x0000000081b00000|100%| O|  |TAMS 0x0000000081a00000| PB 0x0000000081a00000| Untracked 
|  27|0x0000000081b00000, 0x0000000081c00000, 0x0000000081c00000|100%| O|  |TAMS 0x0000000081b00000| PB 0x0000000081b00000| Untracked 
|  28|0x0000000081c00000, 0x0000000081d00000, 0x0000000081d00000|100%| O|  |TAMS 0x0000000081c00000| PB 0x0000000081c00000| Untracked 
|  29|0x0000000081d00000, 0x0000000081e00000, 0x0000000081e00000|100%| O|  |TAMS 0x0000000081d00000| PB 0x0000000081d00000| Untracked 
|  30|0x0000000081e00000, 0x0000000081f00000, 0x0000000081f00000|100%| O|  |TAMS 0x0000000081e00000| PB 0x0000000081e00000| Untracked 
|  31|0x0000000081f00000, 0x0000000082000000, 0x0000000082000000|100%| O|  |TAMS 0x0000000081f00000| PB 0x0000000081f00000| Untracked 
|  32|0x0000000082000000, 0x0000000082100000, 0x0000000082100000|100%| O|  |TAMS 0x0000000082000000| PB 0x0000000082000000| Untracked 
|  33|0x0000000082100000, 0x0000000082200000, 0x0000000082200000|100%| O|  |TAMS 0x0000000082100000| PB 0x0000000082100000| Untracked 
|  34|0x0000000082200000, 0x0000000082300000, 0x0000000082300000|100%| O|  |TAMS 0x0000000082200000| PB 0x0000000082200000| Untracked 
|  35|0x0000000082300000, 0x0000000082400000, 0x0000000082400000|100%| O|  |TAMS 0x0000000082300000| PB 0x0000000082300000| Untracked 
|  36|0x0000000082400000, 0x0000000082500000, 0x0000000082500000|100%| O|  |TAMS 0x0000000082400000| PB 0x0000000082400000| Untracked 
|  37|0x0000000082500000, 0x0000000082600000, 0x0000000082600000|100%| O|  |TAMS 0x0000000082500000| PB 0x0000000082500000| Untracked 
|  38|0x0000000082600000, 0x0000000082700000, 0x0000000082700000|100%| O|  |TAMS 0x0000000082600000| PB 0x0000000082600000| Untracked 
|  39|0x0000000082700000, 0x0000000082800000, 0x0000000082800000|100%| O|  |TAMS 0x0000000082700000| PB 0x0000000082700000| Untracked 
|  40|0x0000000082800000, 0x0000000082900000, 0x0000000082900000|100%| O|  |TAMS 0x0000000082800000| PB 0x0000000082800000| Untracked 
|  41|0x0000000082900000, 0x0000000082a00000, 0x0000000082a00000|100%| O|  |TAMS 0x0000000082900000| PB 0x0000000082900000| Untracked 
|  42|0x0000000082a00000, 0x0000000082b00000, 0x0000000082b00000|100%| O|  |TAMS 0x0000000082a00000| PB 0x0000000082a00000| Untracked 
|  43|0x0000000082b00000, 0x0000000082c00000, 0x0000000082c00000|100%| O|  |TAMS 0x0000000082b00000| PB 0x0000000082b00000| Untracked 
|  44|0x0000000082c00000, 0x0000000082d00000, 0x0000000082d00000|100%| O|  |TAMS 0x0000000082c00000| PB 0x0000000082c00000| Untracked 
|  45|0x0000000082d00000, 0x0000000082e00000, 0x0000000082e00000|100%|HS|  |TAMS 0x0000000082d00000| PB 0x0000000082d00000| Complete 
|  46|0x0000000082e00000, 0x0000000082f00000, 0x0000000082f00000|100%| O|Cm|TAMS 0x0000000082e00000| PB 0x0000000082e00000| Complete 
|  47|0x0000000082f00000, 0x0000000083000000, 0x0000000083000000|100%| O|  |TAMS 0x0000000082f00000| PB 0x0000000082f00000| Untracked 
|  48|0x0000000083000000, 0x0000000083100000, 0x0000000083100000|100%| O|  |TAMS 0x0000000083000000| PB 0x0000000083000000| Untracked 
|  49|0x0000000083100000, 0x0000000083200000, 0x0000000083200000|100%| O|  |TAMS 0x0000000083100000| PB 0x0000000083100000| Untracked 
|  50|0x0000000083200000, 0x0000000083300000, 0x0000000083300000|100%|HS|  |TAMS 0x0000000083200000| PB 0x0000000083200000| Complete 
|  51|0x0000000083300000, 0x0000000083400000, 0x0000000083400000|100%|HS|  |TAMS 0x0000000083300000| PB 0x0000000083300000| Complete 
|  52|0x0000000083400000, 0x0000000083500000, 0x0000000083500000|100%| O|  |TAMS 0x0000000083400000| PB 0x0000000083400000| Untracked 
|  53|0x0000000083500000, 0x0000000083599d98, 0x0000000083600000| 60%| O|Cm|TAMS 0x0000000083500000| PB 0x0000000083500000| Complete 
|  54|0x0000000083600000, 0x0000000083700000, 0x0000000083700000|100%|HS|  |TAMS 0x0000000083600000| PB 0x0000000083600000| Complete 
|  55|0x0000000083700000, 0x0000000083800000, 0x0000000083800000|100%|HS|  |TAMS 0x0000000083700000| PB 0x0000000083700000| Complete 
|  56|0x0000000083800000, 0x0000000083900000, 0x0000000083900000|100%|HS|  |TAMS 0x0000000083800000| PB 0x0000000083800000| Complete 
|  57|0x0000000083900000, 0x0000000083900000, 0x0000000083a00000|  0%| F|  |TAMS 0x0000000083900000| PB 0x0000000083900000| Untracked 
|  58|0x0000000083a00000, 0x0000000083a00000, 0x0000000083b00000|  0%| F|  |TAMS 0x0000000083a00000| PB 0x0000000083a00000| Untracked 
|  59|0x0000000083b00000, 0x0000000083b00000, 0x0000000083c00000|  0%| F|  |TAMS 0x0000000083b00000| PB 0x0000000083b00000| Untracked 
|  60|0x0000000083c00000, 0x0000000083c00000, 0x0000000083d00000|  0%| F|  |TAMS 0x0000000083c00000| PB 0x0000000083c00000| Untracked 
|  61|0x0000000083d00000, 0x0000000083d00000, 0x0000000083e00000|  0%| F|  |TAMS 0x0000000083d00000| PB 0x0000000083d00000| Untracked 
|  62|0x0000000083e00000, 0x0000000083e00000, 0x0000000083f00000|  0%| F|  |TAMS 0x0000000083e00000| PB 0x0000000083e00000| Untracked 
|  63|0x0000000083f00000, 0x0000000083f00000, 0x0000000084000000|  0%| F|  |TAMS 0x0000000083f00000| PB 0x0000000083f00000| Untracked 
|  64|0x0000000084000000, 0x0000000084000000, 0x0000000084100000|  0%| F|  |TAMS 0x0000000084000000| PB 0x0000000084000000| Untracked 
|  65|0x0000000084100000, 0x0000000084100000, 0x0000000084200000|  0%| F|  |TAMS 0x0000000084100000| PB 0x0000000084100000| Untracked 
|  66|0x0000000084200000, 0x0000000084200000, 0x0000000084300000|  0%| F|  |TAMS 0x0000000084200000| PB 0x0000000084200000| Untracked 
|  67|0x0000000084300000, 0x0000000084300000, 0x0000000084400000|  0%| F|  |TAMS 0x0000000084300000| PB 0x0000000084300000| Untracked 
|  68|0x0000000084400000, 0x0000000084400000, 0x0000000084500000|  0%| F|  |TAMS 0x0000000084400000| PB 0x0000000084400000| Untracked 
|  69|0x0000000084500000, 0x0000000084500000, 0x0000000084600000|  0%| F|  |TAMS 0x0000000084500000| PB 0x0000000084500000| Untracked 
|  70|0x0000000084600000, 0x0000000084600000, 0x0000000084700000|  0%| F|  |TAMS 0x0000000084600000| PB 0x0000000084600000| Untracked 
|  71|0x0000000084700000, 0x0000000084700000, 0x0000000084800000|  0%| F|  |TAMS 0x0000000084700000| PB 0x0000000084700000| Untracked 
|  72|0x0000000084800000, 0x0000000084800000, 0x0000000084900000|  0%| F|  |TAMS 0x0000000084800000| PB 0x0000000084800000| Untracked 
|  73|0x0000000084900000, 0x0000000084900000, 0x0000000084a00000|  0%| F|  |TAMS 0x0000000084900000| PB 0x0000000084900000| Untracked 
|  74|0x0000000084a00000, 0x0000000084a00000, 0x0000000084b00000|  0%| F|  |TAMS 0x0000000084a00000| PB 0x0000000084a00000| Untracked 
|  75|0x0000000084b00000, 0x0000000084b00000, 0x0000000084c00000|  0%| F|  |TAMS 0x0000000084b00000| PB 0x0000000084b00000| Untracked 
|  76|0x0000000084c00000, 0x0000000084c97f20, 0x0000000084d00000| 59%| S|CS|TAMS 0x0000000084c00000| PB 0x0000000084c00000| Complete 
|  77|0x0000000084d00000, 0x0000000084e00000, 0x0000000084e00000|100%| S|CS|TAMS 0x0000000084d00000| PB 0x0000000084d00000| Complete 
|  78|0x0000000084e00000, 0x0000000084f00000, 0x0000000084f00000|100%| S|CS|TAMS 0x0000000084e00000| PB 0x0000000084e00000| Complete 
|  79|0x0000000084f00000, 0x0000000085000000, 0x0000000085000000|100%| S|CS|TAMS 0x0000000084f00000| PB 0x0000000084f00000| Complete 
|  80|0x0000000085000000, 0x0000000085100000, 0x0000000085100000|100%| S|CS|TAMS 0x0000000085000000| PB 0x0000000085000000| Complete 
|  81|0x0000000085100000, 0x0000000085200000, 0x0000000085200000|100%| S|CS|TAMS 0x0000000085100000| PB 0x0000000085100000| Complete 
|  82|0x0000000085200000, 0x0000000085300000, 0x0000000085300000|100%| S|CS|TAMS 0x0000000085200000| PB 0x0000000085200000| Complete 
|  83|0x0000000085300000, 0x0000000085400000, 0x0000000085400000|100%| S|CS|TAMS 0x0000000085300000| PB 0x0000000085300000| Complete 
|  84|0x0000000085400000, 0x0000000085500000, 0x0000000085500000|100%| S|CS|TAMS 0x0000000085400000| PB 0x0000000085400000| Complete 
|  85|0x0000000085500000, 0x0000000085600000, 0x0000000085600000|100%| S|CS|TAMS 0x0000000085500000| PB 0x0000000085500000| Complete 
|  86|0x0000000085600000, 0x0000000085600000, 0x0000000085700000|  0%| F|  |TAMS 0x0000000085600000| PB 0x0000000085600000| Untracked 
|  87|0x0000000085700000, 0x0000000085700000, 0x0000000085800000|  0%| F|  |TAMS 0x0000000085700000| PB 0x0000000085700000| Untracked 
|  88|0x0000000085800000, 0x0000000085800000, 0x0000000085900000|  0%| F|  |TAMS 0x0000000085800000| PB 0x0000000085800000| Untracked 
|  89|0x0000000085900000, 0x0000000085900000, 0x0000000085a00000|  0%| F|  |TAMS 0x0000000085900000| PB 0x0000000085900000| Untracked 
|  90|0x0000000085a00000, 0x0000000085a00000, 0x0000000085b00000|  0%| F|  |TAMS 0x0000000085a00000| PB 0x0000000085a00000| Untracked 
|  91|0x0000000085b00000, 0x0000000085b00000, 0x0000000085c00000|  0%| F|  |TAMS 0x0000000085b00000| PB 0x0000000085b00000| Untracked 
|  92|0x0000000085c00000, 0x0000000085c00000, 0x0000000085d00000|  0%| F|  |TAMS 0x0000000085c00000| PB 0x0000000085c00000| Untracked 
|  93|0x0000000085d00000, 0x0000000085d00000, 0x0000000085e00000|  0%| F|  |TAMS 0x0000000085d00000| PB 0x0000000085d00000| Untracked 
|  94|0x0000000085e00000, 0x0000000085e00000, 0x0000000085f00000|  0%| F|  |TAMS 0x0000000085e00000| PB 0x0000000085e00000| Untracked 
|  95|0x0000000085f00000, 0x0000000085f00000, 0x0000000086000000|  0%| F|  |TAMS 0x0000000085f00000| PB 0x0000000085f00000| Untracked 
|  96|0x0000000086000000, 0x0000000086000000, 0x0000000086100000|  0%| F|  |TAMS 0x0000000086000000| PB 0x0000000086000000| Untracked 
|  97|0x0000000086100000, 0x0000000086100000, 0x0000000086200000|  0%| F|  |TAMS 0x0000000086100000| PB 0x0000000086100000| Untracked 
|  98|0x0000000086200000, 0x0000000086200000, 0x0000000086300000|  0%| F|  |TAMS 0x0000000086200000| PB 0x0000000086200000| Untracked 
|  99|0x0000000086300000, 0x0000000086300000, 0x0000000086400000|  0%| F|  |TAMS 0x0000000086300000| PB 0x0000000086300000| Untracked 
| 100|0x0000000086400000, 0x0000000086400000, 0x0000000086500000|  0%| F|  |TAMS 0x0000000086400000| PB 0x0000000086400000| Untracked 
| 101|0x0000000086500000, 0x0000000086500000, 0x0000000086600000|  0%| F|  |TAMS 0x0000000086500000| PB 0x0000000086500000| Untracked 
| 102|0x0000000086600000, 0x0000000086600000, 0x0000000086700000|  0%| F|  |TAMS 0x0000000086600000| PB 0x0000000086600000| Untracked 
| 103|0x0000000086700000, 0x0000000086700000, 0x0000000086800000|  0%| F|  |TAMS 0x0000000086700000| PB 0x0000000086700000| Untracked 
| 104|0x0000000086800000, 0x0000000086800000, 0x0000000086900000|  0%| F|  |TAMS 0x0000000086800000| PB 0x0000000086800000| Untracked 
| 105|0x0000000086900000, 0x0000000086900000, 0x0000000086a00000|  0%| F|  |TAMS 0x0000000086900000| PB 0x0000000086900000| Untracked 
| 106|0x0000000086a00000, 0x0000000086a00000, 0x0000000086b00000|  0%| F|  |TAMS 0x0000000086a00000| PB 0x0000000086a00000| Untracked 
| 107|0x0000000086b00000, 0x0000000086b00000, 0x0000000086c00000|  0%| F|  |TAMS 0x0000000086b00000| PB 0x0000000086b00000| Untracked 
| 108|0x0000000086c00000, 0x0000000086c00000, 0x0000000086d00000|  0%| F|  |TAMS 0x0000000086c00000| PB 0x0000000086c00000| Untracked 
| 109|0x0000000086d00000, 0x0000000086d00000, 0x0000000086e00000|  0%| F|  |TAMS 0x0000000086d00000| PB 0x0000000086d00000| Untracked 
| 110|0x0000000086e00000, 0x0000000086e00000, 0x0000000086f00000|  0%| F|  |TAMS 0x0000000086e00000| PB 0x0000000086e00000| Untracked 
| 111|0x0000000086f00000, 0x0000000086f00000, 0x0000000087000000|  0%| F|  |TAMS 0x0000000086f00000| PB 0x0000000086f00000| Untracked 
| 112|0x0000000087000000, 0x0000000087000000, 0x0000000087100000|  0%| F|  |TAMS 0x0000000087000000| PB 0x0000000087000000| Untracked 
| 113|0x0000000087100000, 0x0000000087100000, 0x0000000087200000|  0%| F|  |TAMS 0x0000000087100000| PB 0x0000000087100000| Untracked 
| 114|0x0000000087200000, 0x0000000087200000, 0x0000000087300000|  0%| F|  |TAMS 0x0000000087200000| PB 0x0000000087200000| Untracked 
| 115|0x0000000087300000, 0x0000000087300000, 0x0000000087400000|  0%| F|  |TAMS 0x0000000087300000| PB 0x0000000087300000| Untracked 
| 116|0x0000000087400000, 0x0000000087400000, 0x0000000087500000|  0%| F|  |TAMS 0x0000000087400000| PB 0x0000000087400000| Untracked 
| 117|0x0000000087500000, 0x0000000087500000, 0x0000000087600000|  0%| F|  |TAMS 0x0000000087500000| PB 0x0000000087500000| Untracked 
| 118|0x0000000087600000, 0x0000000087600000, 0x0000000087700000|  0%| F|  |TAMS 0x0000000087600000| PB 0x0000000087600000| Untracked 
| 119|0x0000000087700000, 0x0000000087700000, 0x0000000087800000|  0%| F|  |TAMS 0x0000000087700000| PB 0x0000000087700000| Untracked 
| 120|0x0000000087800000, 0x0000000087800000, 0x0000000087900000|  0%| F|  |TAMS 0x0000000087800000| PB 0x0000000087800000| Untracked 
| 121|0x0000000087900000, 0x0000000087900000, 0x0000000087a00000|  0%| F|  |TAMS 0x0000000087900000| PB 0x0000000087900000| Untracked 
| 122|0x0000000087a00000, 0x0000000087a00000, 0x0000000087b00000|  0%| F|  |TAMS 0x0000000087a00000| PB 0x0000000087a00000| Untracked 
| 123|0x0000000087b00000, 0x0000000087b00000, 0x0000000087c00000|  0%| F|  |TAMS 0x0000000087b00000| PB 0x0000000087b00000| Untracked 
| 124|0x0000000087c00000, 0x0000000087c00000, 0x0000000087d00000|  0%| F|  |TAMS 0x0000000087c00000| PB 0x0000000087c00000| Untracked 
| 125|0x0000000087d00000, 0x0000000087d00000, 0x0000000087e00000|  0%| F|  |TAMS 0x0000000087d00000| PB 0x0000000087d00000| Untracked 
| 126|0x0000000087e00000, 0x0000000087e00000, 0x0000000087f00000|  0%| F|  |TAMS 0x0000000087e00000| PB 0x0000000087e00000| Untracked 
| 127|0x0000000087f00000, 0x0000000087f00000, 0x0000000088000000|  0%| F|  |TAMS 0x0000000087f00000| PB 0x0000000087f00000| Untracked 
| 128|0x0000000088000000, 0x0000000088000000, 0x0000000088100000|  0%| F|  |TAMS 0x0000000088000000| PB 0x0000000088000000| Untracked 
| 129|0x0000000088100000, 0x0000000088100000, 0x0000000088200000|  0%| F|  |TAMS 0x0000000088100000| PB 0x0000000088100000| Untracked 
| 130|0x0000000088200000, 0x0000000088200000, 0x0000000088300000|  0%| F|  |TAMS 0x0000000088200000| PB 0x0000000088200000| Untracked 
| 131|0x0000000088300000, 0x0000000088300000, 0x0000000088400000|  0%| F|  |TAMS 0x0000000088300000| PB 0x0000000088300000| Untracked 
| 132|0x0000000088400000, 0x0000000088400000, 0x0000000088500000|  0%| F|  |TAMS 0x0000000088400000| PB 0x0000000088400000| Untracked 
| 133|0x0000000088500000, 0x0000000088500000, 0x0000000088600000|  0%| F|  |TAMS 0x0000000088500000| PB 0x0000000088500000| Untracked 
| 134|0x0000000088600000, 0x0000000088600000, 0x0000000088700000|  0%| F|  |TAMS 0x0000000088600000| PB 0x0000000088600000| Untracked 
| 135|0x0000000088700000, 0x0000000088700000, 0x0000000088800000|  0%| F|  |TAMS 0x0000000088700000| PB 0x0000000088700000| Untracked 
| 136|0x0000000088800000, 0x0000000088800000, 0x0000000088900000|  0%| F|  |TAMS 0x0000000088800000| PB 0x0000000088800000| Untracked 
| 137|0x0000000088900000, 0x0000000088900000, 0x0000000088a00000|  0%| F|  |TAMS 0x0000000088900000| PB 0x0000000088900000| Untracked 
| 138|0x0000000088a00000, 0x0000000088a00000, 0x0000000088b00000|  0%| F|  |TAMS 0x0000000088a00000| PB 0x0000000088a00000| Untracked 
| 139|0x0000000088b00000, 0x0000000088b00000, 0x0000000088c00000|  0%| F|  |TAMS 0x0000000088b00000| PB 0x0000000088b00000| Untracked 
| 140|0x0000000088c00000, 0x0000000088c00000, 0x0000000088d00000|  0%| F|  |TAMS 0x0000000088c00000| PB 0x0000000088c00000| Untracked 
| 141|0x0000000088d00000, 0x0000000088d00000, 0x0000000088e00000|  0%| F|  |TAMS 0x0000000088d00000| PB 0x0000000088d00000| Untracked 
| 142|0x0000000088e00000, 0x0000000088e00000, 0x0000000088f00000|  0%| F|  |TAMS 0x0000000088e00000| PB 0x0000000088e00000| Untracked 
| 143|0x0000000088f00000, 0x0000000088f00000, 0x0000000089000000|  0%| F|  |TAMS 0x0000000088f00000| PB 0x0000000088f00000| Untracked 
| 144|0x0000000089000000, 0x0000000089000000, 0x0000000089100000|  0%| F|  |TAMS 0x0000000089000000| PB 0x0000000089000000| Untracked 
| 145|0x0000000089100000, 0x0000000089100000, 0x0000000089200000|  0%| F|  |TAMS 0x0000000089100000| PB 0x0000000089100000| Untracked 
| 146|0x0000000089200000, 0x0000000089200000, 0x0000000089300000|  0%| F|  |TAMS 0x0000000089200000| PB 0x0000000089200000| Untracked 
| 147|0x0000000089300000, 0x0000000089300000, 0x0000000089400000|  0%| F|  |TAMS 0x0000000089300000| PB 0x0000000089300000| Untracked 
| 148|0x0000000089400000, 0x0000000089400000, 0x0000000089500000|  0%| F|  |TAMS 0x0000000089400000| PB 0x0000000089400000| Untracked 
| 149|0x0000000089500000, 0x0000000089500000, 0x0000000089600000|  0%| F|  |TAMS 0x0000000089500000| PB 0x0000000089500000| Untracked 
| 150|0x0000000089600000, 0x0000000089600000, 0x0000000089700000|  0%| F|  |TAMS 0x0000000089600000| PB 0x0000000089600000| Untracked 
| 151|0x0000000089700000, 0x0000000089700000, 0x0000000089800000|  0%| F|  |TAMS 0x0000000089700000| PB 0x0000000089700000| Untracked 
| 152|0x0000000089800000, 0x0000000089800000, 0x0000000089900000|  0%| F|  |TAMS 0x0000000089800000| PB 0x0000000089800000| Untracked 
| 153|0x0000000089900000, 0x0000000089900000, 0x0000000089a00000|  0%| F|  |TAMS 0x0000000089900000| PB 0x0000000089900000| Untracked 
| 154|0x0000000089a00000, 0x0000000089a00000, 0x0000000089b00000|  0%| F|  |TAMS 0x0000000089a00000| PB 0x0000000089a00000| Untracked 
| 155|0x0000000089b00000, 0x0000000089b00000, 0x0000000089c00000|  0%| F|  |TAMS 0x0000000089b00000| PB 0x0000000089b00000| Untracked 
| 156|0x0000000089c00000, 0x0000000089c00000, 0x0000000089d00000|  0%| F|  |TAMS 0x0000000089c00000| PB 0x0000000089c00000| Untracked 
| 157|0x0000000089d00000, 0x0000000089d00000, 0x0000000089e00000|  0%| F|  |TAMS 0x0000000089d00000| PB 0x0000000089d00000| Untracked 
| 158|0x0000000089e00000, 0x0000000089e00000, 0x0000000089f00000|  0%| F|  |TAMS 0x0000000089e00000| PB 0x0000000089e00000| Untracked 
| 159|0x0000000089f00000, 0x0000000089f00000, 0x000000008a000000|  0%| F|  |TAMS 0x0000000089f00000| PB 0x0000000089f00000| Untracked 
| 160|0x000000008a000000, 0x000000008a000000, 0x000000008a100000|  0%| F|  |TAMS 0x000000008a000000| PB 0x000000008a000000| Untracked 
| 161|0x000000008a100000, 0x000000008a100000, 0x000000008a200000|  0%| F|  |TAMS 0x000000008a100000| PB 0x000000008a100000| Untracked 
| 162|0x000000008a200000, 0x000000008a200000, 0x000000008a300000|  0%| F|  |TAMS 0x000000008a200000| PB 0x000000008a200000| Untracked 
| 163|0x000000008a300000, 0x000000008a300000, 0x000000008a400000|  0%| F|  |TAMS 0x000000008a300000| PB 0x000000008a300000| Untracked 
| 164|0x000000008a400000, 0x000000008a400000, 0x000000008a500000|  0%| F|  |TAMS 0x000000008a400000| PB 0x000000008a400000| Untracked 
| 165|0x000000008a500000, 0x000000008a500000, 0x000000008a600000|  0%| F|  |TAMS 0x000000008a500000| PB 0x000000008a500000| Untracked 
| 166|0x000000008a600000, 0x000000008a600000, 0x000000008a700000|  0%| F|  |TAMS 0x000000008a600000| PB 0x000000008a600000| Untracked 
| 167|0x000000008a700000, 0x000000008a700000, 0x000000008a800000|  0%| F|  |TAMS 0x000000008a700000| PB 0x000000008a700000| Untracked 
| 168|0x000000008a800000, 0x000000008a800000, 0x000000008a900000|  0%| F|  |TAMS 0x000000008a800000| PB 0x000000008a800000| Untracked 
| 169|0x000000008a900000, 0x000000008a900000, 0x000000008aa00000|  0%| F|  |TAMS 0x000000008a900000| PB 0x000000008a900000| Untracked 
| 170|0x000000008aa00000, 0x000000008aa00000, 0x000000008ab00000|  0%| F|  |TAMS 0x000000008aa00000| PB 0x000000008aa00000| Untracked 
| 171|0x000000008ab00000, 0x000000008ab00000, 0x000000008ac00000|  0%| F|  |TAMS 0x000000008ab00000| PB 0x000000008ab00000| Untracked 
| 172|0x000000008ac00000, 0x000000008ad00000, 0x000000008ad00000|100%| E|  |TAMS 0x000000008ac00000| PB 0x000000008ac00000| Complete 
| 173|0x000000008ad00000, 0x000000008ae00000, 0x000000008ae00000|100%| E|CS|TAMS 0x000000008ad00000| PB 0x000000008ad00000| Complete 
| 174|0x000000008ae00000, 0x000000008af00000, 0x000000008af00000|100%| E|CS|TAMS 0x000000008ae00000| PB 0x000000008ae00000| Complete 
| 175|0x000000008af00000, 0x000000008b000000, 0x000000008b000000|100%| E|CS|TAMS 0x000000008af00000| PB 0x000000008af00000| Complete 
| 176|0x000000008b000000, 0x000000008b100000, 0x000000008b100000|100%| E|CS|TAMS 0x000000008b000000| PB 0x000000008b000000| Complete 
| 177|0x000000008b100000, 0x000000008b200000, 0x000000008b200000|100%| E|CS|TAMS 0x000000008b100000| PB 0x000000008b100000| Complete 
| 178|0x000000008b200000, 0x000000008b300000, 0x000000008b300000|100%| E|CS|TAMS 0x000000008b200000| PB 0x000000008b200000| Complete 
| 179|0x000000008b300000, 0x000000008b400000, 0x000000008b400000|100%| E|CS|TAMS 0x000000008b300000| PB 0x000000008b300000| Complete 
| 180|0x000000008b400000, 0x000000008b500000, 0x000000008b500000|100%| E|CS|TAMS 0x000000008b400000| PB 0x000000008b400000| Complete 
| 181|0x000000008b500000, 0x000000008b600000, 0x000000008b600000|100%| E|CS|TAMS 0x000000008b500000| PB 0x000000008b500000| Complete 
| 182|0x000000008b600000, 0x000000008b700000, 0x000000008b700000|100%| E|CS|TAMS 0x000000008b600000| PB 0x000000008b600000| Complete 
| 183|0x000000008b700000, 0x000000008b800000, 0x000000008b800000|100%| E|CS|TAMS 0x000000008b700000| PB 0x000000008b700000| Complete 
| 184|0x000000008b800000, 0x000000008b900000, 0x000000008b900000|100%| E|CS|TAMS 0x000000008b800000| PB 0x000000008b800000| Complete 
| 185|0x000000008b900000, 0x000000008ba00000, 0x000000008ba00000|100%| E|CS|TAMS 0x000000008b900000| PB 0x000000008b900000| Complete 
| 186|0x000000008ba00000, 0x000000008bb00000, 0x000000008bb00000|100%| E|CS|TAMS 0x000000008ba00000| PB 0x000000008ba00000| Complete 
| 187|0x000000008bb00000, 0x000000008bc00000, 0x000000008bc00000|100%| E|CS|TAMS 0x000000008bb00000| PB 0x000000008bb00000| Complete 
| 188|0x000000008bc00000, 0x000000008bd00000, 0x000000008bd00000|100%| E|CS|TAMS 0x000000008bc00000| PB 0x000000008bc00000| Complete 
| 189|0x000000008bd00000, 0x000000008be00000, 0x000000008be00000|100%| E|CS|TAMS 0x000000008bd00000| PB 0x000000008bd00000| Complete 
| 190|0x000000008be00000, 0x000000008bf00000, 0x000000008bf00000|100%| E|CS|TAMS 0x000000008be00000| PB 0x000000008be00000| Complete 
| 191|0x000000008bf00000, 0x000000008c000000, 0x000000008c000000|100%| E|CS|TAMS 0x000000008bf00000| PB 0x000000008bf00000| Complete 
| 192|0x000000008c000000, 0x000000008c100000, 0x000000008c100000|100%| E|CS|TAMS 0x000000008c000000| PB 0x000000008c000000| Complete 
| 193|0x000000008c100000, 0x000000008c200000, 0x000000008c200000|100%| E|CS|TAMS 0x000000008c100000| PB 0x000000008c100000| Complete 
| 194|0x000000008c200000, 0x000000008c300000, 0x000000008c300000|100%| E|CS|TAMS 0x000000008c200000| PB 0x000000008c200000| Complete 
| 195|0x000000008c300000, 0x000000008c400000, 0x000000008c400000|100%| E|CS|TAMS 0x000000008c300000| PB 0x000000008c300000| Complete 
| 196|0x000000008c400000, 0x000000008c500000, 0x000000008c500000|100%| E|CS|TAMS 0x000000008c400000| PB 0x000000008c400000| Complete 
| 197|0x000000008c500000, 0x000000008c600000, 0x000000008c600000|100%| E|CS|TAMS 0x000000008c500000| PB 0x000000008c500000| Complete 
| 198|0x000000008c600000, 0x000000008c700000, 0x000000008c700000|100%| E|CS|TAMS 0x000000008c600000| PB 0x000000008c600000| Complete 
| 199|0x000000008c700000, 0x000000008c800000, 0x000000008c800000|100%| E|CS|TAMS 0x000000008c700000| PB 0x000000008c700000| Complete 
| 200|0x000000008c800000, 0x000000008c900000, 0x000000008c900000|100%| E|CS|TAMS 0x000000008c800000| PB 0x000000008c800000| Complete 
| 201|0x000000008c900000, 0x000000008ca00000, 0x000000008ca00000|100%| E|CS|TAMS 0x000000008c900000| PB 0x000000008c900000| Complete 
| 202|0x000000008ca00000, 0x000000008cb00000, 0x000000008cb00000|100%| E|CS|TAMS 0x000000008ca00000| PB 0x000000008ca00000| Complete 
| 203|0x000000008cb00000, 0x000000008cc00000, 0x000000008cc00000|100%| E|CS|TAMS 0x000000008cb00000| PB 0x000000008cb00000| Complete 
| 204|0x000000008cc00000, 0x000000008cd00000, 0x000000008cd00000|100%| E|CS|TAMS 0x000000008cc00000| PB 0x000000008cc00000| Complete 
| 205|0x000000008cd00000, 0x000000008ce00000, 0x000000008ce00000|100%| E|CS|TAMS 0x000000008cd00000| PB 0x000000008cd00000| Complete 
| 206|0x000000008ce00000, 0x000000008cf00000, 0x000000008cf00000|100%| E|CS|TAMS 0x000000008ce00000| PB 0x000000008ce00000| Complete 
| 207|0x000000008cf00000, 0x000000008d000000, 0x000000008d000000|100%| E|CS|TAMS 0x000000008cf00000| PB 0x000000008cf00000| Complete 
| 208|0x000000008d000000, 0x000000008d100000, 0x000000008d100000|100%| E|CS|TAMS 0x000000008d000000| PB 0x000000008d000000| Complete 
| 239|0x000000008ef00000, 0x000000008f000000, 0x000000008f000000|100%| E|CS|TAMS 0x000000008ef00000| PB 0x000000008ef00000| Complete 

Card table byte_map: [0x0000020be5380000,0x0000020be5780000] _byte_map_base: 0x0000020be4f80000

Marking Bits: (CMBitMap*) 0x0000020bcd805fb0
 Bits: [0x0000020be5780000, 0x0000020be7780000)

Polling page: 0x0000020bcb770000

Metaspace:

Usage:
  Non-class:     44.04 MB used.
      Class:      7.05 MB used.
       Both:     51.09 MB used.

Virtual space:
  Non-class space:       64.00 MB reserved,      45.00 MB ( 70%) committed,  1 nodes.
      Class space:      416.00 MB reserved,       7.88 MB (  2%) committed,  1 nodes.
             Both:      480.00 MB reserved,      52.88 MB ( 11%) committed. 

Chunk freelists:
   Non-Class:  2.32 MB
       Class:  8.01 MB
        Both:  10.33 MB

MaxMetaspaceSize: 512.00 MB
CompressedClassSpaceSize: 416.00 MB
Initial GC threshold: 21.00 MB
Current GC threshold: 88.12 MB
CDS: on
 - commit_granule_bytes: 65536.
 - commit_granule_words: 8192.
 - virtual_space_node_default_size: 8388608.
 - enlarge_chunks_in_place: 1.
 - use_allocation_guard: 0.


Internal statistics:

num_allocs_failed_limit: 6.
num_arena_births: 3062.
num_arena_deaths: 4.
num_vsnodes_births: 2.
num_vsnodes_deaths: 0.
num_space_committed: 846.
num_space_uncommitted: 0.
num_chunks_returned_to_freelist: 17.
num_chunks_taken_from_freelist: 5473.
num_chunk_merges: 7.
num_chunk_splits: 3584.
num_chunks_enlarged: 2218.
num_inconsistent_stats: 0.

CodeHeap 'non-profiled nmethods': size=120000Kb used=4911Kb max_used=5432Kb free=115088Kb
 bounds [0x0000020bdd720000, 0x0000020bddc70000, 0x0000020be4c50000]
CodeHeap 'profiled nmethods': size=120000Kb used=11904Kb max_used=13615Kb free=108095Kb
 bounds [0x0000020bd5c50000, 0x0000020bd69b0000, 0x0000020bdd180000]
CodeHeap 'non-nmethods': size=5760Kb used=2001Kb max_used=2077Kb free=3758Kb
 bounds [0x0000020bdd180000, 0x0000020bdd3f0000, 0x0000020bdd720000]
 total_blobs=7263 nmethods=6509 adapters=657
 compilation: enabled
              stopped_count=0, restarted_count=0
 full_count=0

Compilation events (20 events):
Event: 45.337 Thread 0x0000020bea35e900 nmethod 8158 0x0000020bddc62e90 code [0x0000020bddc63620, 0x0000020bddc69220]
Event: 45.341 Thread 0x0000020bea35e900 8159       4       org.gradle.api.internal.runtimeshaded.RuntimeShadedJarCreator::processClassFile (92 bytes)
Event: 45.351 Thread 0x0000020bf3190210 nmethod 8174 0x0000020bddc6d090 code [0x0000020bddc6d260, 0x0000020bddc6db90]
Event: 45.354 Thread 0x0000020bf3190210 8172       4       org.apache.commons.compress.archivers.zip.ZipArchiveOutputStream$EntryMetaData::<init> (7 bytes)
Event: 45.355 Thread 0x0000020bf3190210 nmethod 8172 0x0000020bddc6de10 code [0x0000020bddc6dfa0, 0x0000020bddc6e038]
Event: 45.745 Thread 0x0000020bf3190210 8175       4       jdk.internal.misc.Unsafe::checkNativeAddress (28 bytes)
Event: 45.746 Thread 0x0000020bf3190210 nmethod 8175 0x0000020bdd7d8990 code [0x0000020bdd7d8b20, 0x0000020bdd7d8ba8]
Event: 45.888 Thread 0x0000020bf3190210 8176       4       org.apache.commons.compress.archivers.zip.ZipArchiveEntry::setMethod (38 bytes)
Event: 45.889 Thread 0x0000020bf3190210 nmethod 8176 0x0000020bdd72b390 code [0x0000020bdd72b520, 0x0000020bdd72b5c8]
Event: 45.913 Thread 0x0000020bf3190210 8177       4       org.apache.commons.compress.archivers.zip.ZipArchiveOutputStream$CurrentEntry::<init> (6 bytes)
Event: 45.915 Thread 0x0000020bf3190210 nmethod 8177 0x0000020bdd7a7190 code [0x0000020bdd7a7320, 0x0000020bdd7a7478]
Event: 45.915 Thread 0x0000020bf3190210 8178       4       org.apache.commons.compress.archivers.zip.ZipArchiveOutputStream::preClose (56 bytes)
Event: 45.918 Thread 0x0000020bf3190210 nmethod 8178 0x0000020bdd7e5010 code [0x0000020bdd7e51a0, 0x0000020bdd7e52c0]
Event: 45.951 Thread 0x0000020bf3190210 8179       4       org.apache.commons.compress.archivers.zip.ZipArchiveOutputStream::shouldAddZip64Extra (70 bytes)
Event: 45.955 Thread 0x0000020bf3190210 nmethod 8179 0x0000020bddaf3390 code [0x0000020bddaf3540, 0x0000020bddaf3720]
Event: 45.955 Thread 0x0000020bf3190210 8180       4       org.apache.commons.compress.archivers.zip.ZipArchiveOutputStream::writeLocalFileHeader (160 bytes)
Event: 45.970 Thread 0x0000020bea361770 8184       2       org.apache.commons.compress.archivers.zip.ZipArchiveOutputStream::putArchiveEntry (7 bytes)
Event: 45.971 Thread 0x0000020bea361770 nmethod 8184 0x0000020bd5e34910 code [0x0000020bd5e34ac0, 0x0000020bd5e34be8]
Event: 46.028 Thread 0x0000020bea361770 8185       1       org.gradle.internal.logging.events.ProgressEvent::getProgressOperationId (5 bytes)
Event: 46.028 Thread 0x0000020bea361770 nmethod 8185 0x0000020bddac1510 code [0x0000020bddac16a0, 0x0000020bddac1768]

GC Heap History (20 events):
Event: 29.838 GC heap before
{Heap before GC invocations=20 (full 0):
 garbage-first heap   total 92160K, used 81747K [0x0000000080000000, 0x0000000100000000)
  region size 1024K, 34 young (34816K), 4 survivors (4096K)
 Metaspace       used 48546K, committed 50176K, reserved 491520K
  class space    used 6740K, committed 7552K, reserved 425984K
}
Event: 29.850 GC heap after
{Heap after GC invocations=21 (full 0):
 garbage-first heap   total 92160K, used 52412K [0x0000000080000000, 0x0000000100000000)
  region size 1024K, 4 young (4096K), 4 survivors (4096K)
 Metaspace       used 48546K, committed 50176K, reserved 491520K
  class space    used 6740K, committed 7552K, reserved 425984K
}
Event: 29.867 GC heap before
{Heap before GC invocations=21 (full 0):
 garbage-first heap   total 92160K, used 53436K [0x0000000080000000, 0x0000000100000000)
  region size 1024K, 6 young (6144K), 4 survivors (4096K)
 Metaspace       used 48546K, committed 50176K, reserved 491520K
  class space    used 6740K, committed 7552K, reserved 425984K
}
Event: 29.877 GC heap after
{Heap after GC invocations=22 (full 0):
 garbage-first heap   total 92160K, used 53053K [0x0000000080000000, 0x0000000100000000)
  region size 1024K, 3 young (3072K), 3 survivors (3072K)
 Metaspace       used 48546K, committed 50176K, reserved 491520K
  class space    used 6740K, committed 7552K, reserved 425984K
}
Event: 30.086 GC heap before
{Heap before GC invocations=23 (full 0):
 garbage-first heap   total 122880K, used 82749K [0x0000000080000000, 0x0000000100000000)
  region size 1024K, 31 young (31744K), 3 survivors (3072K)
 Metaspace       used 48549K, committed 50176K, reserved 491520K
  class space    used 6740K, committed 7552K, reserved 425984K
}
Event: 30.095 GC heap after
{Heap after GC invocations=24 (full 0):
 garbage-first heap   total 122880K, used 55469K [0x0000000080000000, 0x0000000100000000)
  region size 1024K, 4 young (4096K), 4 survivors (4096K)
 Metaspace       used 48549K, committed 50176K, reserved 491520K
  class space    used 6740K, committed 7552K, reserved 425984K
}
Event: 35.079 GC heap before
{Heap before GC invocations=24 (full 0):
 garbage-first heap   total 122880K, used 105645K [0x0000000080000000, 0x0000000100000000)
  region size 1024K, 53 young (54272K), 4 survivors (4096K)
 Metaspace       used 50744K, committed 52480K, reserved 491520K
  class space    used 7042K, committed 7872K, reserved 425984K
}
Event: 35.096 GC heap after
{Heap after GC invocations=25 (full 0):
 garbage-first heap   total 245760K, used 58397K [0x0000000080000000, 0x0000000100000000)
  region size 1024K, 7 young (7168K), 7 survivors (7168K)
 Metaspace       used 50744K, committed 52480K, reserved 491520K
  class space    used 7042K, committed 7872K, reserved 425984K
}
Event: 38.437 GC heap before
{Heap before GC invocations=25 (full 0):
 garbage-first heap   total 245760K, used 193565K [0x0000000080000000, 0x0000000100000000)
  region size 1024K, 139 young (142336K), 7 survivors (7168K)
 Metaspace       used 52286K, committed 54016K, reserved 491520K
  class space    used 7220K, committed 8064K, reserved 425984K
}
Event: 38.458 GC heap after
{Heap after GC invocations=26 (full 0):
 garbage-first heap   total 245760K, used 59692K [0x0000000080000000, 0x0000000100000000)
  region size 1024K, 8 young (8192K), 8 survivors (8192K)
 Metaspace       used 52286K, committed 54016K, reserved 491520K
  class space    used 7220K, committed 8064K, reserved 425984K
}
Event: 40.208 GC heap before
{Heap before GC invocations=26 (full 0):
 garbage-first heap   total 245760K, used 198956K [0x0000000080000000, 0x0000000100000000)
  region size 1024K, 144 young (147456K), 8 survivors (8192K)
 Metaspace       used 52323K, committed 54080K, reserved 491520K
  class space    used 7220K, committed 8064K, reserved 425984K
}
Event: 40.224 GC heap after
{Heap after GC invocations=27 (full 0):
 garbage-first heap   total 245760K, used 60716K [0x0000000080000000, 0x0000000100000000)
  region size 1024K, 9 young (9216K), 9 survivors (9216K)
 Metaspace       used 52323K, committed 54080K, reserved 491520K
  class space    used 7220K, committed 8064K, reserved 425984K
}
Event: 41.691 GC heap before
{Heap before GC invocations=27 (full 0):
 garbage-first heap   total 245760K, used 198956K [0x0000000080000000, 0x0000000100000000)
  region size 1024K, 144 young (147456K), 9 survivors (9216K)
 Metaspace       used 52327K, committed 54144K, reserved 491520K
  class space    used 7220K, committed 8064K, reserved 425984K
}
Event: 41.709 GC heap after
{Heap after GC invocations=28 (full 0):
 garbage-first heap   total 245760K, used 61111K [0x0000000080000000, 0x0000000100000000)
  region size 1024K, 10 young (10240K), 10 survivors (10240K)
 Metaspace       used 52327K, committed 54144K, reserved 491520K
  class space    used 7220K, committed 8064K, reserved 425984K
}
Event: 43.363 GC heap before
{Heap before GC invocations=29 (full 0):
 garbage-first heap   total 219136K, used 181943K [0x0000000080000000, 0x0000000100000000)
  region size 1024K, 128 young (131072K), 10 survivors (10240K)
 Metaspace       used 52291K, committed 54144K, reserved 491520K
  class space    used 7211K, committed 8064K, reserved 425984K
}
Event: 43.380 GC heap after
{Heap after GC invocations=30 (full 0):
 garbage-first heap   total 219136K, used 61536K [0x0000000080000000, 0x0000000100000000)
  region size 1024K, 9 young (9216K), 9 survivors (9216K)
 Metaspace       used 52291K, committed 54144K, reserved 491520K
  class space    used 7211K, committed 8064K, reserved 425984K
}
Event: 44.014 GC heap before
{Heap before GC invocations=30 (full 0):
 garbage-first heap   total 219136K, used 183392K [0x0000000080000000, 0x0000000100000000)
  region size 1024K, 128 young (131072K), 9 survivors (9216K)
 Metaspace       used 52291K, committed 54144K, reserved 491520K
  class space    used 7211K, committed 8064K, reserved 425984K
}
Event: 44.027 GC heap after
{Heap after GC invocations=31 (full 0):
 garbage-first heap   total 219136K, used 61636K [0x0000000080000000, 0x0000000100000000)
  region size 1024K, 9 young (9216K), 9 survivors (9216K)
 Metaspace       used 52291K, committed 54144K, reserved 491520K
  class space    used 7211K, committed 8064K, reserved 425984K
}
Event: 45.307 GC heap before
{Heap before GC invocations=31 (full 0):
 garbage-first heap   total 219136K, used 182468K [0x0000000080000000, 0x0000000100000000)
  region size 1024K, 128 young (131072K), 9 survivors (9216K)
 Metaspace       used 52311K, committed 54144K, reserved 491520K
  class space    used 7218K, committed 8064K, reserved 425984K
}
Event: 45.327 GC heap after
{Heap after GC invocations=32 (full 0):
 garbage-first heap   total 219136K, used 62663K [0x0000000080000000, 0x0000000100000000)
  region size 1024K, 10 young (10240K), 10 survivors (10240K)
 Metaspace       used 52311K, committed 54144K, reserved 491520K
  class space    used 7218K, committed 8064K, reserved 425984K
}

Dll operation events (15 events):
Event: 0.036 Loaded shared library C:\Program Files\Java\jdk-21\bin\java.dll
Event: 0.098 Loaded shared library C:\Program Files\Java\jdk-21\bin\jsvml.dll
Event: 0.222 Loaded shared library C:\Program Files\Java\jdk-21\bin\zip.dll
Event: 0.234 Loaded shared library C:\Program Files\Java\jdk-21\bin\instrument.dll
Event: 0.251 Loaded shared library C:\Program Files\Java\jdk-21\bin\net.dll
Event: 0.260 Loaded shared library C:\Program Files\Java\jdk-21\bin\nio.dll
Event: 0.269 Loaded shared library C:\Program Files\Java\jdk-21\bin\zip.dll
Event: 1.240 Loaded shared library C:\Program Files\Java\jdk-21\bin\jimage.dll
Event: 1.808 Loaded shared library C:\Program Files\Java\jdk-21\bin\verify.dll
Event: 1.903 Loaded shared library C:\Users\andre\.gradle\native\660c5614fbf4a5f2a75b1949f50a0caf5cd603558e7d8a26e50b933a0cfb79d1\windows-amd64\native-platform.dll
Event: 1.950 Loaded shared library C:\Users\andre\.gradle\native\0.2.8\x86_64-windows-gnu\gradle-fileevents.dll
Event: 4.904 Loaded shared library C:\Program Files\Java\jdk-21\bin\management.dll
Event: 4.914 Loaded shared library C:\Program Files\Java\jdk-21\bin\management_ext.dll
Event: 5.273 Loaded shared library C:\Program Files\Java\jdk-21\bin\extnet.dll
Event: 5.786 Loaded shared library C:\Program Files\Java\jdk-21\bin\sunmscapi.dll

Deoptimization events (20 events):
Event: 44.153 Thread 0x0000020bea413990 Uncommon trap: trap_request=0xfffffff4 fr.pc=0x0000020bddc39314 relative=0x0000000000001f14
Event: 44.153 Thread 0x0000020bea413990 Uncommon trap: reason=null_check action=make_not_entrant pc=0x0000020bddc39314 method=org.gradle.api.internal.file.archive.impl.FileZipInput$1.computeNext()Lorg/gradle/api/internal/file/archive/ZipEntry; @ 19 c2
Event: 44.153 Thread 0x0000020bea413990 DEOPT PACKING pc=0x0000020bddc39314 sp=0x0000009fd9cf5210
Event: 44.153 Thread 0x0000020bea413990 DEOPT UNPACKING pc=0x0000020bdd1d46a2 sp=0x0000009fd9cf5148 mode 2
Event: 44.321 Thread 0x0000020bea413990 Uncommon trap: trap_request=0xffffff45 fr.pc=0x0000020bddbf1bec relative=0x00000000000092cc
Event: 44.321 Thread 0x0000020bea413990 Uncommon trap: reason=unstable_if action=reinterpret pc=0x0000020bddbf1bec method=org.objectweb.asm.ClassReader.accept(Lorg/objectweb/asm/ClassVisitor;[Lorg/objectweb/asm/Attribute;I)V @ 701 c2
Event: 44.321 Thread 0x0000020bea413990 DEOPT PACKING pc=0x0000020bddbf1bec sp=0x0000009fd9cf4db0
Event: 44.321 Thread 0x0000020bea413990 DEOPT UNPACKING pc=0x0000020bdd1d46a2 sp=0x0000009fd9cf4dc8 mode 2
Event: 44.321 Thread 0x0000020bea413990 Uncommon trap: trap_request=0xffffff45 fr.pc=0x0000020bddb9a7b0 relative=0x0000000000004110
Event: 44.321 Thread 0x0000020bea413990 Uncommon trap: reason=unstable_if action=reinterpret pc=0x0000020bddb9a7b0 method=org.objectweb.asm.ClassWriter.toByteArray()[B @ 209 c2
Event: 44.321 Thread 0x0000020bea413990 DEOPT PACKING pc=0x0000020bddb9a7b0 sp=0x0000009fd9cf4eb0
Event: 44.321 Thread 0x0000020bea413990 DEOPT UNPACKING pc=0x0000020bdd1d46a2 sp=0x0000009fd9cf4e58 mode 2
Event: 44.321 Thread 0x0000020bea413990 Uncommon trap: trap_request=0xffffff45 fr.pc=0x0000020bddb81590 relative=0x0000000000002d30
Event: 44.321 Thread 0x0000020bea413990 Uncommon trap: reason=unstable_if action=reinterpret pc=0x0000020bddb81590 method=org.objectweb.asm.MethodWriter.putMethodInfo(Lorg/objectweb/asm/ByteVector;)V @ 9 c2
Event: 44.321 Thread 0x0000020bea413990 DEOPT PACKING pc=0x0000020bddb81590 sp=0x0000009fd9cf4de0
Event: 44.321 Thread 0x0000020bea413990 DEOPT UNPACKING pc=0x0000020bdd1d46a2 sp=0x0000009fd9cf4db0 mode 2
Event: 44.879 Thread 0x0000020bea413990 Uncommon trap: trap_request=0xffffff45 fr.pc=0x0000020bddafad94 relative=0x00000000000008b4
Event: 44.879 Thread 0x0000020bea413990 Uncommon trap: reason=unstable_if action=reinterpret pc=0x0000020bddafad94 method=java.util.regex.Pattern.escape(ZZZ)I @ 8 c2
Event: 44.879 Thread 0x0000020bea413990 DEOPT PACKING pc=0x0000020bddafad94 sp=0x0000009fd9cf4bb0
Event: 44.879 Thread 0x0000020bea413990 DEOPT UNPACKING pc=0x0000020bdd1d46a2 sp=0x0000009fd9cf4b48 mode 2

Classes loaded (20 events):
Event: 35.263 Loading class java/util/Collections$SynchronizedRandomAccessList
Event: 35.268 Loading class java/util/Collections$SynchronizedList
Event: 35.276 Loading class java/util/Collections$SynchronizedList done
Event: 35.276 Loading class java/util/Collections$SynchronizedRandomAccessList done
Event: 36.262 Loading class java/nio/charset/UnsupportedCharsetException
Event: 36.263 Loading class java/nio/charset/UnsupportedCharsetException done
Event: 36.269 Loading class java/util/Collections$UnmodifiableSortedMap
Event: 36.270 Loading class java/util/Collections$UnmodifiableSortedMap done
Event: 36.276 Loading class java/util/zip/Deflater
Event: 36.277 Loading class java/util/zip/Deflater done
Event: 36.280 Loading class java/util/zip/Deflater$DeflaterZStreamRef
Event: 36.281 Loading class java/util/zip/Deflater$DeflaterZStreamRef done
Event: 36.298 Loading class java/util/zip/ZipFile$ZipEntryIterator
Event: 36.300 Loading class java/util/zip/ZipFile$ZipEntryIterator done
Event: 36.436 Loading class java/nio/StringCharBuffer
Event: 36.437 Loading class java/nio/StringCharBuffer done
Event: 39.244 Loading class java/lang/foreign/MemorySegment
Event: 39.246 Loading class java/lang/foreign/MemorySegment done
Event: 44.877 Loading class java/util/regex/Pattern$Caret
Event: 44.878 Loading class java/util/regex/Pattern$Caret done

Classes unloaded (11 events):
Event: 25.872 Thread 0x0000020bea1f3ff0 Unloading class 0x0000020b817043e0 '_BuildScript_$_run_closure1$_closure2'
Event: 25.872 Thread 0x0000020bea1f3ff0 Unloading class 0x0000020b81704000 '_BuildScript_$_run_closure1'
Event: 25.872 Thread 0x0000020bea1f3ff0 Unloading class 0x0000020b816bc000 '_BuildScript_'
Event: 41.840 Thread 0x0000020bea1f3ff0 Unloading class 0x0000020b81772000 '_BuildScript_$_run_closure1$_closure2'
Event: 41.840 Thread 0x0000020bea1f3ff0 Unloading class 0x0000020b817718c8 '_BuildScript_$_run_closure1'
Event: 41.840 Thread 0x0000020bea1f3ff0 Unloading class 0x0000020b817713e0 '_BuildScript_'
Event: 41.840 Thread 0x0000020bea1f3ff0 Unloading class 0x0000020b81771000 'ProtobufPatchPlugin$_apply_closure1$_closure2$_closure3$_closure4'
Event: 41.840 Thread 0x0000020bea1f3ff0 Unloading class 0x0000020b81770a80 'ProtobufPatchPlugin$_apply_closure1$_closure2$_closure3'
Event: 41.840 Thread 0x0000020bea1f3ff0 Unloading class 0x0000020b817706a0 'ProtobufPatchPlugin$_apply_closure1$_closure2'
Event: 41.840 Thread 0x0000020bea1f3ff0 Unloading class 0x0000020b817702c0 'ProtobufPatchPlugin$_apply_closure1'
Event: 41.840 Thread 0x0000020bea1f3ff0 Unloading class 0x0000020b81770000 'ProtobufPatchPlugin'

Classes redefined (0 events):
No events

Internal exceptions (20 events):
Event: 34.747 Thread 0x0000020bea413990 Exception <a 'java/lang/NoSuchMethodError'{0x00000000847e7ad0}: 'java.lang.Object java.lang.invoke.DirectMethodHandle$Holder.newInvokeSpecial(java.lang.Object, java.lang.Object, java.lang.Object, java.lang.Object, java.lang.Object, java.lang.Object, java.lang.Object, java.lang.Object, java.lang.Object, java.lang.Object, java.lang.Object, java.lang.Object, java.lang.Object, java.lang.Object, java.lang.Object, java.lang.Object, java.lang.Object, java.lang.Object, java.lang.Object)'> (0x00000000847e7ad0) 
thr
Event: 34.750 Thread 0x0000020bea413990 Exception <a 'java/lang/NoSuchMethodError'{0x00000000847ee710}: 'java.lang.Object java.lang.invoke.DirectMethodHandle$Holder.invokeSpecial(java.lang.Object, java.lang.Object, java.lang.Object, java.lang.Object, java.lang.Object, java.lang.Object, java.lang.Object, java.lang.Object, java.lang.Object, java.lang.Object, java.lang.Object, java.lang.Object, java.lang.Object, java.lang.Object, java.lang.Object, java.lang.Object, java.lang.Object, java.lang.Object, java.lang.Object, java.lang.Object)'> (0x0000000
Event: 34.751 Thread 0x0000020bea413990 Exception <a 'java/lang/NoSuchMethodError'{0x00000000847f3f60}: 'java.lang.Object java.lang.invoke.DelegatingMethodHandle$Holder.reinvoke_L(java.lang.Object, java.lang.Object, java.lang.Object, java.lang.Object, java.lang.Object, java.lang.Object, java.lang.Object, java.lang.Object, java.lang.Object, java.lang.Object, java.lang.Object, java.lang.Object, java.lang.Object, java.lang.Object, java.lang.Object, java.lang.Object, java.lang.Object, java.lang.Object, java.lang.Object)'> (0x00000000847f3f60) 
throw
Event: 35.124 Thread 0x0000020bea413990 Exception <a 'sun/nio/fs/WindowsException'{0x000000008ef2aa48}> (0x000000008ef2aa48) 
thrown [s\open\src\hotspot\share\prims\jni.cpp, line 520]
Event: 35.126 Thread 0x0000020bea413990 Exception <a 'sun/nio/fs/WindowsException'{0x000000008ef2c738}> (0x000000008ef2c738) 
thrown [s\open\src\hotspot\share\prims\jni.cpp, line 520]
Event: 35.128 Thread 0x0000020bea413990 Exception <a 'sun/nio/fs/WindowsException'{0x000000008ef2e418}> (0x000000008ef2e418) 
thrown [s\open\src\hotspot\share\prims\jni.cpp, line 520]
Event: 35.128 Thread 0x0000020bea413990 Exception <a 'sun/nio/fs/WindowsException'{0x000000008ef2fcf0}> (0x000000008ef2fcf0) 
thrown [s\open\src\hotspot\share\prims\jni.cpp, line 520]
Event: 35.182 Thread 0x0000020bea413990 Exception <a 'java/lang/NoSuchMethodError'{0x000000008ee4c5e0}: 'java.lang.Object java.lang.invoke.Invokers$Holder.invoker(java.lang.Object, java.lang.Object, java.lang.Object, java.lang.Object, java.lang.Object, java.lang.Object)'> (0x000000008ee4c5e0) 
thrown [s\open\src\hotspot\share\interpreter\linkResolver.cpp, line 773]
Event: 35.306 Thread 0x0000020bea413990 Exception <a 'java/lang/NoSuchMethodError'{0x000000008eef07f8}: 'java.lang.Object java.lang.invoke.DirectMethodHandle$Holder.invokeSpecial(java.lang.Object, java.lang.Object, java.lang.Object, java.lang.Object, java.lang.Object, java.lang.Object, java.lang.Object, java.lang.Object, java.lang.Object, java.lang.Object, java.lang.Object, java.lang.Object, java.lang.Object, java.lang.Object, java.lang.Object, java.lang.Object, java.lang.Object, java.lang.Object, java.lang.Object, java.lang.Object, java.lang.Ob
Event: 35.306 Thread 0x0000020bea413990 Exception <a 'java/lang/NoSuchMethodError'{0x000000008eef7070}: 'java.lang.Object java.lang.invoke.DelegatingMethodHandle$Holder.reinvoke_L(java.lang.Object, java.lang.Object, java.lang.Object, java.lang.Object, java.lang.Object, java.lang.Object, java.lang.Object, java.lang.Object, java.lang.Object, java.lang.Object, java.lang.Object, java.lang.Object, java.lang.Object, java.lang.Object, java.lang.Object, java.lang.Object, java.lang.Object, java.lang.Object, java.lang.Object, java.lang.Object, java.lang.O
Event: 35.308 Thread 0x0000020bea413990 Exception <a 'java/lang/NoSuchMethodError'{0x000000008ed02bb8}: 'java.lang.Object java.lang.invoke.Invokers$Holder.invoker(java.lang.Object, java.lang.Object, java.lang.Object, java.lang.Object, java.lang.Object, java.lang.Object, java.lang.Object, java.lang.Object, java.lang.Object, java.lang.Object, java.lang.Object, java.lang.Object, java.lang.Object, java.lang.Object, java.lang.Object, java.lang.Object, java.lang.Object, java.lang.Object, java.lang.Object, java.lang.Object, java.lang.Object, java.lang.
Event: 35.309 Thread 0x0000020bea413990 Exception <a 'java/lang/NoSuchMethodError'{0x000000008ed09ce0}: 'java.lang.Object java.lang.invoke.DelegatingMethodHandle$Holder.delegate(java.lang.Object, java.lang.Object, java.lang.Object, java.lang.Object, java.lang.Object, java.lang.Object, java.lang.Object, java.lang.Object, java.lang.Object, java.lang.Object, java.lang.Object, java.lang.Object, java.lang.Object, java.lang.Object, java.lang.Object, java.lang.Object, java.lang.Object, java.lang.Object, java.lang.Object, java.lang.Object, java.lang.Obj
Event: 35.490 Thread 0x0000020bea413990 Exception <a 'java/lang/NoSuchMethodError'{0x000000008eb74938}: 'java.lang.Object java.lang.invoke.DirectMethodHandle$Holder.invokeStatic(java.lang.Object, java.lang.Object, java.lang.Object, java.lang.Object, java.lang.Object, java.lang.Object, int, java.lang.Object)'> (0x000000008eb74938) 
thrown [s\open\src\hotspot\share\interpreter\linkResolver.cpp, line 773]
Event: 35.492 Thread 0x0000020bea413990 Exception <a 'java/lang/NoSuchMethodError'{0x000000008eb7e998}: 'java.lang.Object java.lang.invoke.DirectMethodHandle$Holder.newInvokeSpecial(java.lang.Object, java.lang.Object, java.lang.Object, java.lang.Object, java.lang.Object, java.lang.Object, int)'> (0x000000008eb7e998) 
thrown [s\open\src\hotspot\share\interpreter\linkResolver.cpp, line 773]
Event: 35.493 Thread 0x0000020bea413990 Exception <a 'java/lang/NoSuchMethodError'{0x000000008eb83d38}: 'java.lang.Object java.lang.invoke.DirectMethodHandle$Holder.invokeSpecial(java.lang.Object, java.lang.Object, java.lang.Object, java.lang.Object, java.lang.Object, java.lang.Object, java.lang.Object, int)'> (0x000000008eb83d38) 
thrown [s\open\src\hotspot\share\interpreter\linkResolver.cpp, line 773]
Event: 35.494 Thread 0x0000020bea413990 Exception <a 'java/lang/NoSuchMethodError'{0x000000008eb88708}: 'java.lang.Object java.lang.invoke.Invokers$Holder.linkToTargetMethod(java.lang.Object, java.lang.Object, java.lang.Object, java.lang.Object, java.lang.Object, int, java.lang.Object)'> (0x000000008eb88708) 
thrown [s\open\src\hotspot\share\interpreter\linkResolver.cpp, line 773]
Event: 36.227 Thread 0x0000020bea413990 Exception <a 'sun/nio/fs/WindowsException'{0x000000008ce74fd8}> (0x000000008ce74fd8) 
thrown [s\open\src\hotspot\share\prims\jni.cpp, line 520]
Event: 36.229 Thread 0x0000020bea413990 Exception <a 'sun/nio/fs/WindowsException'{0x000000008ce76dd8}> (0x000000008ce76dd8) 
thrown [s\open\src\hotspot\share\prims\jni.cpp, line 520]
Event: 36.306 Thread 0x0000020bea413990 Implicit null exception at 0x0000020bdd93cfe6 to 0x0000020bdd93db8c
Event: 44.153 Thread 0x0000020bea413990 Implicit null exception at 0x0000020bddc38203 to 0x0000020bddc39300

ZGC Phase Switch (0 events):
No events

VM Operations (20 events):
Event: 41.691 Executing VM operation: G1CollectForAllocation (G1 Evacuation Pause)
Event: 41.709 Executing VM operation: G1CollectForAllocation (G1 Evacuation Pause) done
Event: 41.838 Executing VM operation: G1PauseRemark
Event: 41.875 Executing VM operation: G1PauseRemark done
Event: 41.928 Executing VM operation: G1PauseCleanup
Event: 41.938 Executing VM operation: G1PauseCleanup done
Event: 42.949 Executing VM operation: Cleanup
Event: 42.950 Executing VM operation: Cleanup done
Event: 43.363 Executing VM operation: G1CollectForAllocation (G1 Evacuation Pause)
Event: 43.382 Executing VM operation: G1CollectForAllocation (G1 Evacuation Pause) done
Event: 44.014 Executing VM operation: G1CollectForAllocation (G1 Evacuation Pause)
Event: 44.028 Executing VM operation: G1CollectForAllocation (G1 Evacuation Pause) done
Event: 45.042 Executing VM operation: Cleanup
Event: 45.043 Executing VM operation: Cleanup done
Event: 45.306 Executing VM operation: G1CollectForAllocation (G1 Evacuation Pause)
Event: 45.327 Executing VM operation: G1CollectForAllocation (G1 Evacuation Pause) done
Event: 45.498 Executing VM operation: G1PauseRemark
Event: 45.512 Executing VM operation: G1PauseRemark done
Event: 45.565 Executing VM operation: G1PauseCleanup
Event: 45.565 Executing VM operation: G1PauseCleanup done

Events (20 events):
Event: 45.511 Thread 0x0000020bea1f3ff0 flushing nmethod 0x0000020bd636d090
Event: 45.511 Thread 0x0000020bea1f3ff0 flushing nmethod 0x0000020bd636d710
Event: 45.511 Thread 0x0000020bea1f3ff0 flushing nmethod 0x0000020bd636e010
Event: 45.511 Thread 0x0000020bea1f3ff0 flushing nmethod 0x0000020bd638c890
Event: 45.511 Thread 0x0000020bea1f3ff0 flushing nmethod 0x0000020bd638f510
Event: 45.511 Thread 0x0000020bea1f3ff0 flushing nmethod 0x0000020bd64c4090
Event: 45.511 Thread 0x0000020bea1f3ff0 flushing nmethod 0x0000020bd64c4790
Event: 45.511 Thread 0x0000020bea1f3ff0 flushing nmethod 0x0000020bd64fc790
Event: 45.511 Thread 0x0000020bea1f3ff0 flushing nmethod 0x0000020bd651c990
Event: 45.511 Thread 0x0000020bea1f3ff0 flushing nmethod 0x0000020bd651ef90
Event: 45.511 Thread 0x0000020bea1f3ff0 flushing nmethod 0x0000020bd6520a10
Event: 45.511 Thread 0x0000020bea1f3ff0 flushing nmethod 0x0000020bd654e010
Event: 45.511 Thread 0x0000020bea1f3ff0 flushing nmethod 0x0000020bd6551b10
Event: 45.511 Thread 0x0000020bea1f3ff0 flushing nmethod 0x0000020bd6562a90
Event: 45.511 Thread 0x0000020bea1f3ff0 flushing nmethod 0x0000020bd6563c10
Event: 45.511 Thread 0x0000020bea1f3ff0 flushing nmethod 0x0000020bd656a710
Event: 45.511 Thread 0x0000020bea1f3ff0 flushing nmethod 0x0000020bd6652710
Event: 45.511 Thread 0x0000020bea1f3ff0 flushing nmethod 0x0000020bd666fa90
Event: 45.511 Thread 0x0000020bea1f3ff0 flushing nmethod 0x0000020bd66f1710
Event: 45.511 Thread 0x0000020bea1f3ff0 flushing nmethod 0x0000020bd698c890


Dynamic libraries:
0x00007ff68f660000 - 0x00007ff68f670000 	C:\Program Files\Java\jdk-21\bin\java.exe
0x00007ffe0b260000 - 0x00007ffe0b4c7000 	C:\WINDOWS\SYSTEM32\ntdll.dll
0x00007ffe09600000 - 0x00007ffe096c9000 	C:\WINDOWS\System32\KERNEL32.DLL
0x00007ffe08ad0000 - 0x00007ffe08ec1000 	C:\WINDOWS\System32\KERNELBASE.dll
0x00007ffe08750000 - 0x00007ffe0889b000 	C:\WINDOWS\System32\ucrtbase.dll
0x00007ffdf73a0000 - 0x00007ffdf73b9000 	C:\Program Files\Java\jdk-21\bin\jli.dll
0x00007ffdf6260000 - 0x00007ffdf627b000 	C:\Program Files\Java\jdk-21\bin\VCRUNTIME140.dll
0x00007ffe09b00000 - 0x00007ffe09bbb000 	C:\WINDOWS\System32\ADVAPI32.dll
0x00007ffe09550000 - 0x00007ffe095f9000 	C:\WINDOWS\System32\msvcrt.dll
0x00007ffe09280000 - 0x00007ffe09327000 	C:\WINDOWS\System32\sechost.dll
0x00007ffe0ae40000 - 0x00007ffe0af58000 	C:\WINDOWS\System32\RPCRT4.dll
0x00007ffe0b050000 - 0x00007ffe0b215000 	C:\WINDOWS\System32\USER32.dll
0x00007ffe07df0000 - 0x00007ffe07e17000 	C:\WINDOWS\System32\win32u.dll
0x00007ffe0ae10000 - 0x00007ffe0ae3b000 	C:\WINDOWS\System32\GDI32.dll
0x00007ffdf69d0000 - 0x00007ffdf6c63000 	C:\WINDOWS\WinSxS\amd64_microsoft.windows.common-controls_6595b64144ccf1df_6.0.26100.8037_none_3e092faae333b53b\COMCTL32.dll
0x00007ffe08ed0000 - 0x00007ffe08ffb000 	C:\WINDOWS\System32\gdi32full.dll
0x00007ffe07d40000 - 0x00007ffe07de3000 	C:\WINDOWS\System32\msvcp_win.dll
0x00007ffe01480000 - 0x00007ffe0148b000 	C:\WINDOWS\SYSTEM32\VERSION.dll
0x00007ffe096d0000 - 0x00007ffe09701000 	C:\WINDOWS\System32\IMM32.DLL
0x00007ffdf7e90000 - 0x00007ffdf7e9c000 	C:\Program Files\Java\jdk-21\bin\vcruntime140_1.dll
0x00007ffdd7870000 - 0x00007ffdd78fe000 	C:\Program Files\Java\jdk-21\bin\msvcp140.dll
0x00007ffd7ca10000 - 0x00007ffd7d72d000 	C:\Program Files\Java\jdk-21\bin\server\jvm.dll
0x00007ffe0ad90000 - 0x00007ffe0ae04000 	C:\WINDOWS\System32\WS2_32.dll
0x00007ffe079a0000 - 0x00007ffe079fe000 	C:\WINDOWS\SYSTEM32\POWRPROF.dll
0x00007ffe00f30000 - 0x00007ffe00f65000 	C:\WINDOWS\SYSTEM32\WINMM.dll
0x00007ffe07980000 - 0x00007ffe07994000 	C:\WINDOWS\SYSTEM32\UMPDC.dll
0x00007ffe068d0000 - 0x00007ffe068eb000 	C:\WINDOWS\SYSTEM32\kernel.appcore.dll
0x00007ffdf5140000 - 0x00007ffdf514a000 	C:\Program Files\Java\jdk-21\bin\jimage.dll
0x00007ffdfd570000 - 0x00007ffdfd7b2000 	C:\WINDOWS\SYSTEM32\DBGHELP.DLL
0x00007ffe09720000 - 0x00007ffe09aa2000 	C:\WINDOWS\System32\combase.dll
0x00007ffe09190000 - 0x00007ffe09267000 	C:\WINDOWS\System32\OLEAUT32.dll
0x00007ffdf4aa0000 - 0x00007ffdf4adb000 	C:\WINDOWS\SYSTEM32\dbgcore.DLL
0x00007ffe08a20000 - 0x00007ffe08ac5000 	C:\WINDOWS\System32\bcryptPrimitives.dll
0x00007ffdf2390000 - 0x00007ffdf239f000 	C:\Program Files\Java\jdk-21\bin\instrument.dll
0x00007ffdf1340000 - 0x00007ffdf135f000 	C:\Program Files\Java\jdk-21\bin\java.dll
0x00007ffe0a0e0000 - 0x00007ffe0a83f000 	C:\WINDOWS\System32\SHELL32.dll
0x00007ffe07b40000 - 0x00007ffe07caa000 	C:\WINDOWS\System32\wintypes.dll
0x00007ffe07e20000 - 0x00007ffe08684000 	C:\WINDOWS\System32\windows.storage.dll
0x00007ffe09090000 - 0x00007ffe09187000 	C:\WINDOWS\System32\SHCORE.dll
0x00007ffe0af60000 - 0x00007ffe0afc7000 	C:\WINDOWS\System32\shlwapi.dll
0x00007ffe07a60000 - 0x00007ffe07a89000 	C:\WINDOWS\SYSTEM32\profapi.dll
0x00007ffdb7050000 - 0x00007ffdb7127000 	C:\Program Files\Java\jdk-21\bin\jsvml.dll
0x00007ffdf11e0000 - 0x00007ffdf11f8000 	C:\Program Files\Java\jdk-21\bin\zip.dll
0x00007ffdf1fa0000 - 0x00007ffdf1fb0000 	C:\Program Files\Java\jdk-21\bin\net.dll
0x00007ffe01130000 - 0x00007ffe01257000 	C:\WINDOWS\SYSTEM32\WINHTTP.dll
0x00007ffe06e40000 - 0x00007ffe06eab000 	C:\WINDOWS\system32\mswsock.dll
0x00007ffde58f0000 - 0x00007ffde5906000 	C:\Program Files\Java\jdk-21\bin\nio.dll
0x00007ffdf1d50000 - 0x00007ffdf1d60000 	C:\Program Files\Java\jdk-21\bin\verify.dll
0x00007ffde5930000 - 0x00007ffde5957000 	C:\Users\andre\.gradle\native\660c5614fbf4a5f2a75b1949f50a0caf5cd603558e7d8a26e50b933a0cfb79d1\windows-amd64\native-platform.dll
0x00007ffdcaab0000 - 0x00007ffdcab27000 	C:\Users\andre\.gradle\native\0.2.8\x86_64-windows-gnu\gradle-fileevents.dll
0x00007ffdf1d00000 - 0x00007ffdf1d0a000 	C:\Program Files\Java\jdk-21\bin\management.dll
0x00007ffdf1c70000 - 0x00007ffdf1c7b000 	C:\Program Files\Java\jdk-21\bin\management_ext.dll
0x00007ffe09270000 - 0x00007ffe09278000 	C:\WINDOWS\System32\PSAPI.DLL
0x00007ffe06240000 - 0x00007ffe06273000 	C:\WINDOWS\SYSTEM32\IPHLPAPI.DLL
0x00007ffe09710000 - 0x00007ffe0971a000 	C:\WINDOWS\System32\NSI.dll
0x00007ffded510000 - 0x00007ffded519000 	C:\Program Files\Java\jdk-21\bin\extnet.dll
0x00007ffe07120000 - 0x00007ffe0713b000 	C:\WINDOWS\SYSTEM32\CRYPTSP.dll
0x00007ffe06830000 - 0x00007ffe06869000 	C:\WINDOWS\system32\rsaenh.dll
0x00007ffe06ef0000 - 0x00007ffe06f22000 	C:\WINDOWS\SYSTEM32\USERENV.dll
0x00007ffe07a30000 - 0x00007ffe07a5a000 	C:\WINDOWS\SYSTEM32\bcrypt.dll
0x00007ffe07140000 - 0x00007ffe0714c000 	C:\WINDOWS\SYSTEM32\CRYPTBASE.dll
0x00007ffde4280000 - 0x00007ffde428e000 	C:\Program Files\Java\jdk-21\bin\sunmscapi.dll
0x00007ffe088a0000 - 0x00007ffe08a17000 	C:\WINDOWS\System32\CRYPT32.dll
0x00007ffe07340000 - 0x00007ffe07370000 	C:\WINDOWS\SYSTEM32\ncrypt.dll
0x00007ffe072f0000 - 0x00007ffe0732f000 	C:\WINDOWS\SYSTEM32\NTASN1.dll
0x00007ffde6aa0000 - 0x00007ffde6aa8000 	C:\WINDOWS\system32\wshunix.dll

dbghelp: loaded successfully - version: 4.0.5 - missing functions: none
symbol engine: initialized successfully - sym options: 0x614 - pdb path: .;C:\Program Files\Java\jdk-21\bin;C:\WINDOWS\SYSTEM32;C:\WINDOWS\WinSxS\amd64_microsoft.windows.common-controls_6595b64144ccf1df_6.0.26100.8037_none_3e092faae333b53b;C:\Program Files\Java\jdk-21\bin\server;C:\Users\andre\.gradle\native\660c5614fbf4a5f2a75b1949f50a0caf5cd603558e7d8a26e50b933a0cfb79d1\windows-amd64;C:\Users\andre\.gradle\native\0.2.8\x86_64-windows-gnu

VM Arguments:
jvm_args: --add-opens=java.base/java.lang=ALL-UNNAMED --add-opens=java.base/java.lang.invoke=ALL-UNNAMED --add-opens=java.base/java.util=ALL-UNNAMED --add-opens=java.prefs/java.util.prefs=ALL-UNNAMED --add-exports=jdk.compiler/com.sun.tools.javac.api=ALL-UNNAMED --add-exports=jdk.compiler/com.sun.tools.javac.util=ALL-UNNAMED --add-opens=java.base/java.util=ALL-UNNAMED --add-opens=java.prefs/java.util.prefs=ALL-UNNAMED --add-opens=java.base/java.nio.charset=ALL-UNNAMED --add-opens=java.base/java.net=ALL-UNNAMED --add-opens=java.base/java.util.concurrent=ALL-UNNAMED --add-opens=java.base/java.util.concurrent.atomic=ALL-UNNAMED --add-opens=java.xml/javax.xml.namespace=ALL-UNNAMED --add-opens=java.base/java.time=ALL-UNNAMED -XX:MaxMetaspaceSize=512m -Xmx2048m -Dfile.encoding=UTF-8 -Duser.country=CO -Duser.language=es -Duser.variant -javaagent:C:\Users\andre\.gradle\wrapper\dists\gradle-9.3.1-bin\23ovyewtku6u96viwx3xl3oks\gradle-9.3.1\lib\agents\gradle-instrumentation-agent-9.3.1.jar 
java_command: org.gradle.launcher.daemon.bootstrap.GradleDaemon 9.3.1
java_class_path (initial): C:\Users\andre\.gradle\wrapper\dists\gradle-9.3.1-bin\23ovyewtku6u96viwx3xl3oks\gradle-9.3.1\lib\gradle-daemon-main-9.3.1.jar
Launcher Type: SUN_STANDARD

[Global flags]
     intx CICompilerCount                          = 4                                         {product} {ergonomic}
   size_t CompressedClassSpaceSize                 = 436207616                                 {product} {ergonomic}
     uint ConcGCThreads                            = 2                                         {product} {ergonomic}
     uint G1ConcRefinementThreads                  = 8                                         {product} {ergonomic}
   size_t G1HeapRegionSize                         = 1048576                                   {product} {ergonomic}
    uintx GCDrainStackTargetSize                   = 64                                        {product} {ergonomic}
   size_t InitialHeapSize                          = 167772160                                 {product} {ergonomic}
   size_t MarkStackSize                            = 4194304                                   {product} {ergonomic}
   size_t MaxHeapSize                              = 2147483648                                {product} {command line}
   size_t MaxMetaspaceSize                         = 536870912                                 {product} {command line}
   size_t MaxNewSize                               = 1287651328                                {product} {ergonomic}
   size_t MinHeapDeltaBytes                        = 1048576                                   {product} {ergonomic}
   size_t MinHeapSize                              = 8388608                                   {product} {ergonomic}
    uintx NonNMethodCodeHeapSize                   = 5839372                                {pd product} {ergonomic}
    uintx NonProfiledCodeHeapSize                  = 122909434                              {pd product} {ergonomic}
    uintx ProfiledCodeHeapSize                     = 122909434                              {pd product} {ergonomic}
    uintx ReservedCodeCacheSize                    = 251658240                              {pd product} {ergonomic}
     bool SegmentedCodeCache                       = true                                      {product} {ergonomic}
   size_t SoftMaxHeapSize                          = 2147483648                             {manageable} {ergonomic}
     bool UseCompressedOops                        = true                           {product lp64_product} {ergonomic}
     bool UseG1GC                                  = true                                      {product} {ergonomic}
     bool UseLargePagesIndividualAllocation        = false                                  {pd product} {ergonomic}

Logging:
Log output configuration:
 #0: stdout all=warning uptime,level,tags foldmultilines=false
 #1: stderr all=off uptime,level,tags foldmultilines=false

Environment Variables:
JAVA_HOME=C:\Program Files\Java\jdk-21
PATH=C:\Users\andre\AppData\Local\Programs\Microsoft VS Code;C:\Program Files\Common Files\Oracle\Java\javapath;C:\WINDOWS\system32;C:\WINDOWS;C:\WINDOWS\System32\Wbem;C:\WINDOWS\System32\WindowsPowerShell\v1.0\;C:\WINDOWS\System32\OpenSSH\;C:\Program Files\Git\cmd;C:\Users\andre\.console-ninja\.bin;C:\Users\andre\AppData\Local\Microsoft\WindowsApps;C:\Users\andre\AppData\Local\Programs\Microsoft VS Code\bin;C:\Program Files\Java\jdk-21\bin;C:\Program Files\apache-maven-3.9.9\bin;C:\Users\andre\AppData\Roaming\npm;C:\Program Files\nodejs\;C:\Users\andre\AppData\Roaming\nvm;C:\Users\andre\AppData\Local\Android\Sdk\platform-tools;C:\Users\andre\AppData\Local\Android\Sdk\emulator;;C:\Users\andre\AppData\Local\Microsoft\WindowsApps
USERNAME=andre
OS=Windows_NT
PROCESSOR_IDENTIFIER=AMD64 Family 23 Model 24 Stepping 1, AuthenticAMD
TMP=C:\Users\andre\AppData\Local\Temp
TEMP=C:\Users\andre\AppData\Local\Temp




Periodic native trim disabled

---------------  S Y S T E M  ---------------

OS:
 Windows 11 , 64 bit Build 26100 (10.0.26100.7920)
OS uptime: 14 days 1:19 hours

CPU: total 8 (initial active 8) (8 cores per cpu, 2 threads per core) family 23 model 24 stepping 1 microcode 0x8108109, cx8, cmov, fxsr, ht, mmx, 3dnowpref, sse, sse2, sse3, ssse3, sse4a, sse4.1, sse4.2, popcnt, lzcnt, tsc, tscinvbit, avx, avx2, aes, clmul, bmi1, bmi2, adx, sha, fma, vzeroupper, clflush, clflushopt, rdtscp, f16c
Processor Information for all 8 processors :
  Max Mhz: 2100, Current Mhz: 2100, Mhz Limit: 2100

Memory: 4k page, system-wide physical 10187M (524M free)
TotalPageFile size 19125M (AvailPageFile size 2M)
current process WorkingSet (physical memory assigned to process): 393M, peak: 445M
current process commit charge ("private bytes"): 438M, peak: 488M

vm_info: Java HotSpot(TM) 64-Bit Server VM (21.0.9+7-LTS-338) for windows-amd64 JRE (21.0.9+7-LTS-338), built on 2025-09-26T06:33:49Z by "mach5run" with MS VC++ 17.6 (VS2022)

END.
